2024-02-21 08:28:09.290 [warning] /home/vscode/.ssh/config: ENOENT: no such file or directory, open '/home/vscode/.ssh/config'
2024-02-21 08:28:09.290 [info] Activation> Extension version: 0.78.1
2024-02-21 08:28:13.515 [info] Looking for git repository
2024-02-21 08:28:13.515 [info] Found 0 repositories during activation
2024-02-21 08:28:13.515 [info] Git repository found, initializing review manager and pr tree view.
2024-02-21 08:28:13.518 [info] Registering git provider
2024-02-21 08:28:13.518 [info] Review+0> Validate state in progress
2024-02-21 08:28:13.518 [info] Review+0> Validating state...
2024-02-21 08:28:13.518 [warning] No remotes found. The following remotes are missing: origin, upstream
2024-02-21 08:28:13.518 [info] No GitHub remotes found for folder /home/vscode/progate_path/self_introduction_branch/self_introduction
2024-02-21 08:28:13.613 [info] Review+0> No matching pull request metadata found locally for current branch main
2024-02-21 08:28:13.622 [info] Review+0> Failed to get upstream for branch main from git config.
2024-02-21 08:28:13.623 [info] Review+0> No matching pull request metadata found on GitHub for current branch main
2024-02-21 08:33:09.598 [info] Repo state for file:///home/vscode/progate_path/self_introduction_branch/self_introduction changed.
2024-02-21 08:33:09.598 [info] Repo file:///home/vscode/progate_path/self_introduction_branch/self_introduction has already been setup.
2024-02-21 08:35:22.471 [info] Review+0> Validate state in progress
2024-02-21 08:35:22.471 [info] Review+0> Validating state...
2024-02-21 08:35:22.472 [warning] No remotes found. The following remotes are missing: origin, upstream
2024-02-21 08:35:22.472 [info] No GitHub remotes found for folder /home/vscode/progate_path/self_introduction_branch/self_introduction
2024-02-21 08:35:22.539 [info] Review+0> No matching pull request metadata found locally for current branch main
2024-02-21 08:35:22.542 [info] Review+0> Failed to get upstream for branch main from git config.
2024-02-21 08:35:22.543 [info] Review+0> No matching pull request metadata found on GitHub for current branch main
