2024-02-21 08:28:05.421 [info] Reading sessions from keychain...
2024-02-21 08:28:05.421 [info] Getting sessions for all scopes...
2024-02-21 08:28:05.421 [info] Getting sessions for user:email...
2024-02-21 08:28:05.421 [info] Getting sessions for all scopes...
2024-02-21 08:28:05.421 [info] Got stored sessions!
2024-02-21 08:28:05.421 [info] Got 6 verified sessions.
2024-02-21 08:28:05.421 [info] Got 6 sessions for ...
2024-02-21 08:28:05.421 [info] Got 1 sessions for user:email...
2024-02-21 08:28:05.421 [info] Got 6 sessions for ...
2024-02-21 08:28:05.694 [info] Getting sessions for codespace,read:user,repo,user:email...
2024-02-21 08:28:05.695 [info] Getting sessions for all scopes...
2024-02-21 08:28:05.695 [info] Got 1 sessions for codespace,read:user,repo,user:email...
2024-02-21 08:28:05.696 [info] Got 6 sessions for ...
2024-02-21 08:28:05.870 [info] Getting sessions for all scopes...
2024-02-21 08:28:05.871 [info] Got 6 sessions for ...
2024-02-21 08:28:09.257 [info] Getting sessions for all scopes...
2024-02-21 08:28:09.258 [info] Getting sessions for read:user...
2024-02-21 08:28:09.259 [info] Got 6 sessions for ...
2024-02-21 08:28:09.259 [info] Got 1 sessions for read:user...
2024-02-21 08:28:10.702 [info] Getting sessions for project,read:org,read:user,repo,user:email,workflow...
2024-02-21 08:28:10.703 [info] Getting sessions for all scopes...
2024-02-21 08:28:10.703 [info] Got 0 sessions for project,read:org,read:user,repo,user:email,workflow...
2024-02-21 08:28:10.703 [info] Got 6 sessions for ...
2024-02-21 08:28:10.999 [info] Getting sessions for all scopes...
2024-02-21 08:28:10.999 [info] Getting sessions for user:email...
2024-02-21 08:28:10.999 [info] Got 6 sessions for ...
2024-02-21 08:28:10.999 [info] Got 1 sessions for user:email...
2024-02-21 08:28:12.539 [info] Getting sessions for all scopes...
2024-02-21 08:28:12.539 [info] Got 6 sessions for ...
2024-02-21 08:28:12.845 [info] Getting sessions for read:user,repo,user:email,workflow...
2024-02-21 08:28:12.845 [info] Got 1 sessions for read:user,repo,user:email,workflow...
2024-02-21 08:28:14.765 [info] Getting sessions for read:user,repo,user:email,workflow...
2024-02-21 08:28:14.765 [info] Got 1 sessions for read:user,repo,user:email,workflow...
