2024-02-21 08:28:07.341 [info] Log level: Info
2024-02-21 08:28:07.341 [info] Validating found git in: "git"
2024-02-21 08:28:07.341 [info] Using git "2.43.0" from "git"
2024-02-21 08:28:07.341 [info] > git rev-parse --show-toplevel [9ms]
2024-02-21 08:28:07.341 [info] > git rev-parse --git-dir --git-common-dir [31ms]
2024-02-21 08:28:07.341 [info] Open repository: /home/vscode/progate_path/self_introduction_branch/self_introduction
2024-02-21 08:28:07.341 [info] > git rev-parse --show-toplevel [2ms]
2024-02-21 08:28:07.341 [info] No remotes found in the git config file.
2024-02-21 08:28:07.341 [info] > git for-each-ref --format=%(refname)%00%(upstream:short)%00%(objectname)%00%(upstream:track)%00%(upstream:remotename)%00%(upstream:remoteref) refs/heads/main refs/remotes/main [2ms]
2024-02-21 08:28:07.341 [info] > git rev-parse --show-toplevel [29ms]
2024-02-21 08:28:07.341 [info] > git status -z -uall [14ms]
2024-02-21 08:28:07.341 [info] > git rev-parse --show-toplevel [11ms]
2024-02-21 08:28:07.341 [info] No remotes found in the git config file.
2024-02-21 08:28:07.341 [info] > git for-each-ref --format=%(refname)%00%(upstream:short)%00%(objectname)%00%(upstream:track)%00%(upstream:remotename)%00%(upstream:remoteref) refs/heads/main refs/remotes/main [3ms]
2024-02-21 08:28:07.341 [info] > git status -z -uall [3ms]
2024-02-21 08:28:08.888 [info] > git check-ignore -v -z --stdin [1551ms]
2024-02-21 08:28:13.579 [info] > git config --local branch.main.github-pr-owner-number [24ms]
2024-02-21 08:28:13.622 [info] > git config --local branch.main.remote [9ms]
2024-02-21 08:29:17.482 [info] > git check-ignore -v -z --stdin [2ms]
2024-02-21 08:29:19.247 [info] > git check-ignore -v -z --stdin [1ms]
2024-02-21 08:29:24.122 [info] > git show --textconv :src/favorite_food.md [47ms]
2024-02-21 08:29:24.129 [info] > git ls-files --stage -- /home/vscode/progate_path/self_introduction_branch/self_introduction/src/favorite_food.md [11ms]
2024-02-21 08:29:24.200 [info] > git cat-file -s a73e7b0a31d5330496937c54a4c5997db1faea25 [27ms]
2024-02-21 08:29:25.126 [info] > git show --textconv :src/favorite_drink.md [32ms]
2024-02-21 08:29:25.128 [info] > git ls-files --stage -- /home/vscode/progate_path/self_introduction_branch/self_introduction/src/favorite_drink.md [4ms]
2024-02-21 08:29:25.157 [info] > git cat-file -s 0ac8b2499d71d3c2516bcd6000f0b553ceca35e9 [2ms]
2024-02-21 08:29:28.312 [info] > git show --textconv :src/favorite_food.md [49ms]
2024-02-21 08:29:28.314 [info] > git ls-files --stage -- /home/vscode/progate_path/self_introduction_branch/self_introduction/src/favorite_food.md [3ms]
2024-02-21 08:29:28.352 [info] > git cat-file -s a73e7b0a31d5330496937c54a4c5997db1faea25 [4ms]
2024-02-21 08:29:30.331 [info] > git show --textconv :src/favorite_drink.md [47ms]
2024-02-21 08:29:30.333 [info] > git ls-files --stage -- /home/vscode/progate_path/self_introduction_branch/self_introduction/src/favorite_drink.md [3ms]
2024-02-21 08:29:30.368 [info] > git cat-file -s 0ac8b2499d71d3c2516bcd6000f0b553ceca35e9 [1ms]
2024-02-21 08:30:02.768 [info] > git for-each-ref --sort -committerdate --format %(refname) %(objectname) %(*objectname) [1ms]
2024-02-21 08:30:06.428 [info] > git show --textconv HEAD:src/favorite_drink.md [87ms]
2024-02-21 08:30:06.428 [info] > git show --textconv :src/favorite_drink.md [58ms]
2024-02-21 08:30:06.428 [info] > git ls-files --stage -- /home/vscode/progate_path/self_introduction_branch/self_introduction/src/favorite_drink.md [4ms]
2024-02-21 08:30:06.458 [info] > git ls-tree -l HEAD -- /home/vscode/progate_path/self_introduction_branch/self_introduction/src/favorite_drink.md [60ms]
2024-02-21 08:30:06.460 [info] > git cat-file -s 0ac8b2499d71d3c2516bcd6000f0b553ceca35e9 [3ms]
2024-02-21 08:30:06.959 [info] > git check-ignore -v -z --stdin [1ms]
2024-02-21 08:30:31.461 [info] > git show --textconv :.progate/contents_commit_hash [28ms]
2024-02-21 08:30:31.463 [info] > git ls-files --stage -- /home/vscode/progate_path/self_introduction_branch/self_introduction/.progate/contents_commit_hash [3ms]
2024-02-21 08:30:32.273 [info] > git show --textconv :.progate/env.yml [28ms]
2024-02-21 08:30:32.274 [info] > git ls-files --stage -- /home/vscode/progate_path/self_introduction_branch/self_introduction/.progate/env.yml [3ms]
2024-02-21 08:30:33.252 [info] > git show --textconv :.progate/contents_commit_hash [33ms]
2024-02-21 08:30:33.252 [info] > git ls-files --stage -- /home/vscode/progate_path/self_introduction_branch/self_introduction/.progate/contents_commit_hash [3ms]
2024-02-21 08:30:36.713 [info] > git show --textconv :.progate/env.yml [27ms]
2024-02-21 08:30:36.714 [info] > git ls-files --stage -- /home/vscode/progate_path/self_introduction_branch/self_introduction/.progate/env.yml [3ms]
2024-02-21 08:33:09.559 [info] No remotes found in the git config file.
2024-02-21 08:33:09.561 [info] > git config --get commit.template [30ms]
2024-02-21 08:33:09.561 [info] > git for-each-ref --format=%(refname)%00%(upstream:short)%00%(objectname)%00%(upstream:track)%00%(upstream:remotename)%00%(upstream:remoteref) refs/heads/main refs/remotes/main [2ms]
2024-02-21 08:33:09.594 [info] > git status -z -uall [3ms]
2024-02-21 08:33:09.723 [info] > git ls-files --stage -- /home/vscode/progate_path/self_introduction_branch/self_introduction/.progate/env.yml [4ms]
2024-02-21 08:33:09.880 [info] > git show --textconv :.progate/env.yml [2ms]
2024-02-21 08:33:13.562 [info] > git config --local branch.main.github-pr-owner-number [2ms]
2024-02-21 08:33:14.664 [info] No remotes found in the git config file.
2024-02-21 08:33:14.664 [info] > git config --get commit.template [30ms]
2024-02-21 08:33:14.665 [info] > git for-each-ref --format=%(refname)%00%(upstream:short)%00%(objectname)%00%(upstream:track)%00%(upstream:remotename)%00%(upstream:remoteref) refs/heads/main refs/remotes/main [2ms]
2024-02-21 08:33:14.695 [info] > git status -z -uall [3ms]
2024-02-21 08:33:18.365 [info] > git ls-files --stage -- /home/vscode/progate_path/self_introduction_branch/self_introduction/.progate/env.yml [2ms]
2024-02-21 08:33:18.519 [info] > git show --textconv :.progate/env.yml [2ms]
2024-02-21 08:33:19.779 [info] No remotes found in the git config file.
2024-02-21 08:33:19.780 [info] > git config --get commit.template [45ms]
2024-02-21 08:33:19.783 [info] > git for-each-ref --format=%(refname)%00%(upstream:short)%00%(objectname)%00%(upstream:track)%00%(upstream:remotename)%00%(upstream:remoteref) refs/heads/main refs/remotes/main [3ms]
2024-02-21 08:33:19.819 [info] > git status -z -uall [4ms]
2024-02-21 08:34:18.486 [info] No remotes found in the git config file.
2024-02-21 08:34:18.486 [info] > git config --get commit.template [30ms]
2024-02-21 08:34:18.487 [info] > git for-each-ref --format=%(refname)%00%(upstream:short)%00%(objectname)%00%(upstream:track)%00%(upstream:remotename)%00%(upstream:remoteref) refs/heads/main refs/remotes/main [2ms]
2024-02-21 08:34:18.519 [info] > git status -z -uall [3ms]
2024-02-21 08:34:18.686 [info] > git ls-files --stage -- /home/vscode/progate_path/self_introduction_branch/self_introduction/.progate/env.yml [2ms]
2024-02-21 08:34:18.890 [info] > git show --textconv :.progate/env.yml [2ms]
2024-02-21 08:34:23.596 [info] No remotes found in the git config file.
2024-02-21 08:34:23.597 [info] > git config --get commit.template [31ms]
2024-02-21 08:34:23.598 [info] > git for-each-ref --format=%(refname)%00%(upstream:short)%00%(objectname)%00%(upstream:track)%00%(upstream:remotename)%00%(upstream:remoteref) refs/heads/main refs/remotes/main [2ms]
2024-02-21 08:34:23.627 [info] > git status -z -uall [2ms]
2024-02-21 08:35:11.609 [info] No remotes found in the git config file.
2024-02-21 08:35:11.610 [info] > git config --get commit.template [39ms]
2024-02-21 08:35:11.611 [info] > git for-each-ref --format=%(refname)%00%(upstream:short)%00%(objectname)%00%(upstream:track)%00%(upstream:remotename)%00%(upstream:remoteref) refs/heads/main refs/remotes/main [2ms]
2024-02-21 08:35:11.641 [info] > git status -z -uall [2ms]
2024-02-21 08:35:11.729 [info] > git ls-files --stage -- /home/vscode/progate_path/self_introduction_branch/self_introduction/.progate/env.yml [2ms]
2024-02-21 08:35:11.885 [info] > git show --textconv :.progate/env.yml [2ms]
2024-02-21 08:35:17.314 [info] No remotes found in the git config file.
2024-02-21 08:35:17.315 [info] > git config --get commit.template [28ms]
2024-02-21 08:35:17.316 [info] > git for-each-ref --format=%(refname)%00%(upstream:short)%00%(objectname)%00%(upstream:track)%00%(upstream:remotename)%00%(upstream:remoteref) refs/heads/main refs/remotes/main [3ms]
2024-02-21 08:35:17.349 [info] > git status -z -uall [5ms]
2024-02-21 08:35:21.218 [info] > git ls-files --stage -- /home/vscode/progate_path/self_introduction_branch/self_introduction/.progate/env.yml [2ms]
2024-02-21 08:35:21.373 [info] > git show --textconv :.progate/env.yml [2ms]
2024-02-21 08:35:22.430 [info] No remotes found in the git config file.
2024-02-21 08:35:22.431 [info] > git config --get commit.template [34ms]
2024-02-21 08:35:22.432 [info] > git for-each-ref --format=%(refname)%00%(upstream:short)%00%(objectname)%00%(upstream:track)%00%(upstream:remotename)%00%(upstream:remoteref) refs/heads/main refs/remotes/main [2ms]
2024-02-21 08:35:22.466 [info] > git status -z -uall [4ms]
2024-02-21 08:35:22.507 [info] > git config --local branch.main.github-pr-owner-number [2ms]
2024-02-21 08:35:22.541 [info] > git config --local branch.main.remote [2ms]
2024-02-21 08:38:13.595 [info] > git config --local branch.main.github-pr-owner-number [2ms]
2024-02-21 08:43:13.646 [info] > git config --local branch.main.github-pr-owner-number [2ms]
2024-02-21 08:48:13.681 [info] > git config --local branch.main.github-pr-owner-number [2ms]
2024-02-21 08:53:13.749 [info] > git config --local branch.main.github-pr-owner-number [3ms]
2024-02-21 08:58:13.790 [info] > git config --local branch.main.github-pr-owner-number [2ms]
2024-02-21 09:03:13.830 [info] > git config --local branch.main.github-pr-owner-number [1ms]
2024-02-21 09:08:13.862 [info] > git config --local branch.main.github-pr-owner-number [2ms]
2024-02-21 09:13:13.902 [info] > git config --local branch.main.github-pr-owner-number [2ms]
2024-02-21 09:18:13.944 [info] > git config --local branch.main.github-pr-owner-number [2ms]
2024-02-21 09:23:13.985 [info] > git config --local branch.main.github-pr-owner-number [1ms]
2024-02-21 09:28:14.059 [info] > git config --local branch.main.github-pr-owner-number [32ms]
2024-02-21 09:33:14.099 [info] > git config --local branch.main.github-pr-owner-number [1ms]
2024-02-21 09:38:14.138 [info] > git config --local branch.main.github-pr-owner-number [2ms]
