2024-02-21 08:46:06.336 [info] Log level: Info
2024-02-21 08:46:06.336 [info] Validating found git in: "git"
2024-02-21 08:46:06.336 [info] Using git "2.43.0" from "git"
2024-02-21 08:46:06.336 [info] > git rev-parse --show-toplevel [8ms]
2024-02-21 08:46:06.336 [info] fatal: not a git repository (or any of the parent directories): .git
2024-02-21 08:46:07.794 [info] > git rev-parse --show-toplevel [1464ms]
2024-02-21 08:46:07.794 [info] fatal: not a git repository (or any of the parent directories): .git
2024-02-21 08:46:09.522 [info] > git rev-parse --show-toplevel [58ms]
2024-02-21 08:46:09.522 [info] fatal: not a git repository (or any of the parent directories): .git
2024-02-21 08:46:09.860 [info] > git rev-parse --show-toplevel [56ms]
2024-02-21 08:46:09.860 [info] fatal: not a git repository (or any of the parent directories): .git
2024-02-21 08:51:30.023 [info] > git rev-parse --show-toplevel [1ms]
2024-02-21 08:51:30.023 [info] fatal: not a git repository (or any of the parent directories): .git
2024-02-21 08:51:31.909 [info] > git rev-parse --show-toplevel [1ms]
2024-02-21 08:51:31.909 [info] fatal: not a git repository (or any of the parent directories): .git
2024-02-21 08:51:35.481 [info] > git rev-parse --show-toplevel [1ms]
2024-02-21 08:51:35.482 [info] fatal: not a git repository (or any of the parent directories): .git
2024-02-21 08:51:36.204 [info] > git rev-parse --show-toplevel [2ms]
2024-02-21 08:51:36.204 [info] fatal: not a git repository (or any of the parent directories): .git
2024-02-21 08:51:37.045 [info] > git rev-parse --show-toplevel [2ms]
2024-02-21 08:51:37.045 [info] fatal: not a git repository (or any of the parent directories): .git
2024-02-21 08:51:42.676 [info] > git rev-parse --show-toplevel [1ms]
2024-02-21 08:51:42.676 [info] fatal: not a git repository (or any of the parent directories): .git
2024-02-21 08:51:43.545 [info] > git rev-parse --show-toplevel [3ms]
2024-02-21 08:51:43.545 [info] fatal: not a git repository (or any of the parent directories): .git
2024-02-21 08:59:06.552 [info] > git rev-parse --show-toplevel [2ms]
2024-02-21 08:59:06.582 [info] > git rev-parse --git-dir --git-common-dir [1ms]
2024-02-21 08:59:06.596 [info] Open repository: /home/vscode/progate_path/self_introduction_push/self_introduction
2024-02-21 08:59:06.637 [info] > git config --get commit.template [2ms]
2024-02-21 08:59:06.687 [info] No remotes found in the git config file.
2024-02-21 08:59:06.688 [info] > git for-each-ref --format=%(refname)%00%(upstream:short)%00%(objectname)%00%(upstream:track)%00%(upstream:remotename)%00%(upstream:remoteref) refs/heads/main refs/remotes/main [3ms]
2024-02-21 08:59:06.736 [info] > git status -z -uall [6ms]
2024-02-21 08:59:06.806 [info] No remotes found in the git config file.
2024-02-21 08:59:06.808 [info] > git config --get commit.template [29ms]
2024-02-21 08:59:06.808 [info] > git for-each-ref --format=%(refname)%00%(upstream:short)%00%(objectname)%00%(upstream:track)%00%(upstream:remotename)%00%(upstream:remoteref) refs/heads/main refs/remotes/main [2ms]
2024-02-21 08:59:06.840 [info] > git status -z -uall [5ms]
2024-02-21 08:59:07.093 [info] > git config --local branch.main.github-pr-owner-number [6ms]
2024-02-21 08:59:07.141 [info] > git config --local branch.main.remote [5ms]
2024-02-21 08:59:07.349 [info] > git check-ignore -v -z --stdin [83ms]
2024-02-21 08:59:07.350 [info] > git show --textconv :LICENSE [49ms]
2024-02-21 08:59:07.355 [info] > git ls-files --stage -- /home/vscode/progate_path/self_introduction_push/self_introduction/LICENSE [8ms]
2024-02-21 08:59:14.174 [info] No remotes found in the git config file.
2024-02-21 08:59:14.175 [info] > git config --get commit.template [43ms]
2024-02-21 08:59:14.175 [info] > git for-each-ref --format=%(refname)%00%(upstream:short)%00%(objectname)%00%(upstream:track)%00%(upstream:remotename)%00%(upstream:remoteref) refs/heads/main refs/remotes/main [2ms]
2024-02-21 08:59:14.208 [info] > git status -z -uall [2ms]
2024-02-21 08:59:14.328 [info] > git ls-files --stage -- /home/vscode/progate_path/self_introduction_push/self_introduction/LICENSE [4ms]
2024-02-21 08:59:14.360 [info] > git cat-file -s ff6ff26a134ca71821d72afdf530a9e0346ce2e7 [2ms]
2024-02-21 08:59:14.487 [info] > git show --textconv :LICENSE [6ms]
2024-02-21 08:59:20.313 [info] No remotes found in the git config file.
2024-02-21 08:59:20.314 [info] > git config --get commit.template [43ms]
2024-02-21 08:59:20.315 [info] > git for-each-ref --format=%(refname)%00%(upstream:short)%00%(objectname)%00%(upstream:track)%00%(upstream:remotename)%00%(upstream:remoteref) refs/heads/main refs/remotes/main [3ms]
2024-02-21 08:59:20.355 [info] > git status -z -uall [3ms]
2024-02-21 08:59:20.391 [info] > git config --local branch.main.github-pr-owner-number [2ms]
2024-02-21 08:59:20.421 [info] > git config --local branch.main.remote [1ms]
2024-02-21 08:59:20.468 [info] > git ls-files --stage -- /home/vscode/progate_path/self_introduction_push/self_introduction/LICENSE [2ms]
2024-02-21 08:59:20.498 [info] > git cat-file -s ff6ff26a134ca71821d72afdf530a9e0346ce2e7 [3ms]
2024-02-21 08:59:20.648 [info] > git show --textconv :LICENSE [3ms]
2024-02-21 09:01:35.523 [info] > git config --get commit.template [2ms]
2024-02-21 09:01:35.555 [info] > git for-each-ref --format=%(refname)%00%(upstream:short)%00%(objectname)%00%(upstream:track)%00%(upstream:remotename)%00%(upstream:remoteref) refs/heads/main refs/remotes/main [1ms]
2024-02-21 09:01:35.602 [info] > git status -z -uall [4ms]
2024-02-21 09:01:35.752 [info] > git ls-files --stage -- /home/vscode/progate_path/self_introduction_push/self_introduction/LICENSE [35ms]
2024-02-21 09:01:35.786 [info] > git cat-file -s ff6ff26a134ca71821d72afdf530a9e0346ce2e7 [2ms]
2024-02-21 09:01:35.906 [info] > git show --textconv :LICENSE [4ms]
2024-02-21 09:01:36.312 [info] > git config --local branch.main.github-pr-owner-number [120ms]
2024-02-21 09:01:36.378 [info] > git config --local branch.main.remote [20ms]
2024-02-21 09:04:06.630 [info] > git config --local branch.main.github-pr-owner-number [1ms]
2024-02-21 09:06:39.229 [info] > git config --get commit.template [6ms]
2024-02-21 09:06:39.367 [info] > git for-each-ref --format=%(refname)%00%(upstream:short)%00%(objectname)%00%(upstream:track)%00%(upstream:remotename)%00%(upstream:remoteref) refs/heads/branch-a refs/remotes/branch-a [63ms]
2024-02-21 09:06:39.396 [info] > git ls-files --stage -- /home/vscode/progate_path/self_introduction_push/self_introduction/LICENSE [30ms]
2024-02-21 09:06:39.424 [info] > git status -z -uall [28ms]
2024-02-21 09:06:39.432 [info] > git cat-file -s ff6ff26a134ca71821d72afdf530a9e0346ce2e7 [9ms]
2024-02-21 09:06:39.721 [info] > git show --textconv :LICENSE [12ms]
2024-02-21 09:06:39.721 [info] > git config --local branch.branch-a.github-pr-owner-number [153ms]
2024-02-21 09:06:39.780 [info] > git config --local branch.branch-a.remote [14ms]
2024-02-21 09:06:49.341 [info] > git show --textconv :src/favorite_food.md [61ms]
2024-02-21 09:06:49.345 [info] > git ls-files --stage -- /home/vscode/progate_path/self_introduction_push/self_introduction/src/favorite_food.md [7ms]
2024-02-21 09:06:49.446 [info] > git cat-file -s f5033617eeed106b96d7206b522114e8323b4198 [33ms]
2024-02-21 09:06:53.610 [info] > git config --get commit.template [34ms]
2024-02-21 09:06:53.611 [info] > git for-each-ref --format=%(refname)%00%(upstream:short)%00%(objectname)%00%(upstream:track)%00%(upstream:remotename)%00%(upstream:remoteref) refs/heads/branch-a refs/remotes/branch-a [3ms]
2024-02-21 09:06:53.643 [info] > git status -z -uall [2ms]
2024-02-21 09:06:58.790 [info] > git config --get commit.template [88ms]
2024-02-21 09:06:58.798 [info] > git for-each-ref --format=%(refname)%00%(upstream:short)%00%(objectname)%00%(upstream:track)%00%(upstream:remotename)%00%(upstream:remoteref) refs/heads/branch-a refs/remotes/branch-a [10ms]
2024-02-21 09:06:58.894 [info] > git status -z -uall [3ms]
2024-02-21 09:07:03.967 [info] > git config --get commit.template [37ms]
2024-02-21 09:07:03.969 [info] > git for-each-ref --format=%(refname)%00%(upstream:short)%00%(objectname)%00%(upstream:track)%00%(upstream:remotename)%00%(upstream:remoteref) refs/heads/branch-a refs/remotes/branch-a [3ms]
2024-02-21 09:07:04.000 [info] > git status -z -uall [2ms]
2024-02-21 09:07:09.443 [info] > git config --get commit.template [34ms]
2024-02-21 09:07:09.444 [info] > git for-each-ref --format=%(refname)%00%(upstream:short)%00%(objectname)%00%(upstream:track)%00%(upstream:remotename)%00%(upstream:remoteref) refs/heads/branch-a refs/remotes/branch-a [4ms]
2024-02-21 09:07:09.480 [info] > git status -z -uall [3ms]
2024-02-21 09:07:09.600 [info] > git ls-files --stage -- /home/vscode/progate_path/self_introduction_push/self_introduction/src/favorite_food.md [3ms]
2024-02-21 09:07:09.640 [info] > git cat-file -s e00d9954cdbb8a811c19506081ace1b71e733b6b [3ms]
2024-02-21 09:07:09.762 [info] > git show --textconv :src/favorite_food.md [3ms]
2024-02-21 09:07:14.166 [info] > git ls-files --stage -- /home/vscode/progate_path/self_introduction_push/self_introduction/src/favorite_food.md [2ms]
2024-02-21 09:07:14.197 [info] > git cat-file -s e00d9954cdbb8a811c19506081ace1b71e733b6b [2ms]
2024-02-21 09:07:14.321 [info] > git show --textconv :src/favorite_food.md [2ms]
2024-02-21 09:07:14.544 [info] > git config --get commit.template [29ms]
2024-02-21 09:07:14.546 [info] > git for-each-ref --format=%(refname)%00%(upstream:short)%00%(objectname)%00%(upstream:track)%00%(upstream:remotename)%00%(upstream:remoteref) refs/heads/branch-a refs/remotes/branch-a [2ms]
2024-02-21 09:07:14.577 [info] > git status -z -uall [3ms]
2024-02-21 09:07:14.820 [info] > git config --local branch.branch-a.github-pr-owner-number [5ms]
2024-02-21 09:07:14.853 [info] > git config --local branch.branch-a.remote [2ms]
2024-02-21 09:09:06.664 [info] > git config --local branch.branch-a.github-pr-owner-number [2ms]
2024-02-21 09:14:06.705 [info] > git config --local branch.branch-a.github-pr-owner-number [2ms]
2024-02-21 09:19:06.744 [info] > git config --local branch.branch-a.github-pr-owner-number [1ms]
2024-02-21 09:24:06.783 [info] > git config --local branch.branch-a.github-pr-owner-number [2ms]
2024-02-21 09:29:06.823 [info] > git config --local branch.branch-a.github-pr-owner-number [2ms]
2024-02-21 09:34:06.911 [info] > git config --local branch.branch-a.github-pr-owner-number [5ms]
2024-02-21 09:39:06.964 [info] > git config --local branch.branch-a.github-pr-owner-number [3ms]
