2024-02-21 06:40:15.231 [info] Reading sessions from keychain...
2024-02-21 06:40:15.231 [info] Getting sessions for all scopes...
2024-02-21 06:40:15.231 [info] Getting sessions for user:email...
2024-02-21 06:40:15.231 [info] Getting sessions for all scopes...
2024-02-21 06:40:15.231 [info] Got stored sessions!
2024-02-21 06:40:15.231 [info] Got 6 verified sessions.
2024-02-21 06:40:15.231 [info] Got 6 sessions for ...
2024-02-21 06:40:15.231 [info] Got 1 sessions for user:email...
2024-02-21 06:40:15.231 [info] Got 6 sessions for ...
2024-02-21 06:40:15.643 [info] Getting sessions for codespace,read:user,repo,user:email...
2024-02-21 06:40:15.643 [info] Getting sessions for all scopes...
2024-02-21 06:40:15.644 [info] Got 1 sessions for codespace,read:user,repo,user:email...
2024-02-21 06:40:15.644 [info] Got 6 sessions for ...
2024-02-21 06:40:15.944 [info] Getting sessions for all scopes...
2024-02-21 06:40:15.958 [info] Got 6 sessions for ...
2024-02-21 06:40:22.171 [info] Getting sessions for all scopes...
2024-02-21 06:40:22.172 [info] Got 6 sessions for ...
2024-02-21 06:40:23.457 [info] Getting sessions for project,read:org,read:user,repo,user:email,workflow...
2024-02-21 06:40:23.459 [info] Getting sessions for read:user,repo,user:email,workflow...
2024-02-21 06:40:23.460 [info] Getting sessions for all scopes...
2024-02-21 06:40:23.460 [info] Got 0 sessions for project,read:org,read:user,repo,user:email,workflow...
2024-02-21 06:40:23.461 [info] Got 1 sessions for read:user,repo,user:email,workflow...
2024-02-21 06:40:23.461 [info] Got 6 sessions for ...
2024-02-21 06:40:23.653 [info] Getting sessions for all scopes...
2024-02-21 06:40:23.654 [info] Got 6 sessions for ...
2024-02-21 06:40:24.170 [info] Getting sessions for all scopes...
2024-02-21 06:40:24.170 [info] Got 6 sessions for ...
2024-02-21 06:40:24.435 [info] Getting sessions for read:user,repo,user:email,workflow...
2024-02-21 06:40:24.435 [info] Got 1 sessions for read:user,repo,user:email,workflow...
2024-02-21 06:40:49.253 [info] Getting sessions for read:user...
2024-02-21 06:40:49.260 [info] Got 1 sessions for read:user...
2024-02-21 06:40:50.513 [info] Getting sessions for user:email...
2024-02-21 06:40:50.513 [info] Got 1 sessions for user:email...
