2024-02-21 06:52:25.137 [warning] /home/vscode/.ssh/config: ENOENT: no such file or directory, open '/home/vscode/.ssh/config'
2024-02-21 06:52:25.137 [info] Activation> Extension version: 0.78.1
2024-02-21 06:52:27.502 [info] Looking for git repository
2024-02-21 06:52:27.502 [info] Found 0 repositories during activation
2024-02-21 06:52:27.502 [info] Git repository found, initializing review manager and pr tree view.
2024-02-21 06:52:27.503 [info] Registering git provider
2024-02-21 07:10:16.378 [info] Repository file:///home/vscode/progate_path/self_introduction_branch/self_introduction has been opened
2024-02-21 07:10:16.378 [info] Review+0> Validate state in progress
2024-02-21 07:10:16.378 [info] Review+0> Validating state...
2024-02-21 07:10:16.380 [warning] No remotes found. The following remotes are missing: origin, upstream
2024-02-21 07:10:16.380 [info] No GitHub remotes found for folder /home/vscode/progate_path/self_introduction_branch/self_introduction
2024-02-21 07:10:16.473 [info] Review+0> Queuing additional validate state
2024-02-21 07:10:16.473 [info] Repo state for file:///home/vscode/progate_path/self_introduction_branch/self_introduction changed.
2024-02-21 07:10:16.473 [info] Repo file:///home/vscode/progate_path/self_introduction_branch/self_introduction has already been setup.
2024-02-21 07:12:16.378 [error] Review+0> Timeout occurred while validating state.
2024-02-21 07:12:16.378 [info] Review+0> Validating state...
2024-02-21 07:12:16.378 [warning] No remotes found. The following remotes are missing: origin, upstream
2024-02-21 07:12:16.378 [info] No GitHub remotes found for folder /home/vscode/progate_path/self_introduction_branch/self_introduction
2024-02-21 07:12:16.436 [info] Review+0> No matching pull request metadata found locally for current branch main
2024-02-21 07:12:16.439 [info] Review+0> Failed to get upstream for branch main from git config.
2024-02-21 07:12:16.440 [info] Review+0> No matching pull request metadata found on GitHub for current branch main
2024-02-21 07:14:16.378 [error] Review+0> Timeout occurred while validating state.
2024-02-21 08:20:08.220 [info] Review+0> Validate state in progress
2024-02-21 08:20:08.220 [info] Review+0> Validating state...
2024-02-21 08:20:08.221 [warning] No remotes found. The following remotes are missing: origin, upstream
2024-02-21 08:20:08.222 [info] No GitHub remotes found for folder /home/vscode/progate_path/self_introduction_branch/self_introduction
2024-02-21 08:20:08.278 [info] Review+0> No matching pull request metadata found locally for current branch main
2024-02-21 08:20:08.281 [info] Review+0> Failed to get upstream for branch main from git config.
2024-02-21 08:20:08.282 [info] Review+0> No matching pull request metadata found on GitHub for current branch main
