2024-02-21 08:46:06.332 [info] Reading sessions from keychain...
2024-02-21 08:46:06.332 [info] Getting sessions for all scopes...
2024-02-21 08:46:06.332 [info] Getting sessions for user:email...
2024-02-21 08:46:06.332 [info] Getting sessions for all scopes...
2024-02-21 08:46:06.332 [info] Got stored sessions!
2024-02-21 08:46:06.332 [info] Got 6 verified sessions.
2024-02-21 08:46:06.332 [info] Got 6 sessions for ...
2024-02-21 08:46:06.332 [info] Got 1 sessions for user:email...
2024-02-21 08:46:06.332 [info] Got 6 sessions for ...
2024-02-21 08:46:06.332 [info] Getting sessions for codespace,read:user,repo,user:email...
2024-02-21 08:46:06.332 [info] Getting sessions for all scopes...
2024-02-21 08:46:06.332 [info] Got 1 sessions for codespace,read:user,repo,user:email...
2024-02-21 08:46:06.332 [info] Got 6 sessions for ...
2024-02-21 08:46:06.501 [info] Getting sessions for all scopes...
2024-02-21 08:46:06.501 [info] Got 6 sessions for ...
2024-02-21 08:46:09.479 [info] Getting sessions for all scopes...
2024-02-21 08:46:09.480 [info] Got 6 sessions for ...
2024-02-21 08:46:09.968 [info] Getting sessions for read:user...
2024-02-21 08:46:09.968 [info] Getting sessions for all scopes...
2024-02-21 08:46:09.968 [info] Got 1 sessions for read:user...
2024-02-21 08:46:09.968 [info] Got 6 sessions for ...
2024-02-21 08:46:10.082 [info] Getting sessions for project,read:org,read:user,repo,user:email,workflow...
2024-02-21 08:46:10.083 [info] Getting sessions for all scopes...
2024-02-21 08:46:10.083 [info] Got 0 sessions for project,read:org,read:user,repo,user:email,workflow...
2024-02-21 08:46:10.083 [info] Got 6 sessions for ...
2024-02-21 08:46:11.612 [info] Getting sessions for user:email...
2024-02-21 08:46:11.612 [info] Getting sessions for all scopes...
2024-02-21 08:46:11.612 [info] Got 1 sessions for user:email...
2024-02-21 08:46:11.613 [info] Got 6 sessions for ...
2024-02-21 08:46:11.956 [info] Getting sessions for read:user,repo,user:email,workflow...
2024-02-21 08:46:11.956 [info] Got 1 sessions for read:user,repo,user:email,workflow...
2024-02-21 08:46:14.957 [info] Getting sessions for read:user,repo,user:email,workflow...
2024-02-21 08:46:14.957 [info] Got 1 sessions for read:user,repo,user:email,workflow...
