2024-02-21 06:52:20.881 [info] Reading sessions from keychain...
2024-02-21 06:52:20.881 [info] Getting sessions for all scopes...
2024-02-21 06:52:20.881 [info] Getting sessions for user:email...
2024-02-21 06:52:20.881 [info] Getting sessions for all scopes...
2024-02-21 06:52:20.881 [info] Got stored sessions!
2024-02-21 06:52:20.881 [info] Got 6 verified sessions.
2024-02-21 06:52:20.881 [info] Got 6 sessions for ...
2024-02-21 06:52:20.881 [info] Got 1 sessions for user:email...
2024-02-21 06:52:20.881 [info] Got 6 sessions for ...
2024-02-21 06:52:21.910 [info] Getting sessions for codespace,read:user,repo,user:email...
2024-02-21 06:52:21.910 [info] Getting sessions for all scopes...
2024-02-21 06:52:21.911 [info] Got 1 sessions for codespace,read:user,repo,user:email...
2024-02-21 06:52:21.911 [info] Got 6 sessions for ...
2024-02-21 06:52:23.513 [info] Getting sessions for all scopes...
2024-02-21 06:52:23.513 [info] Got 6 sessions for ...
2024-02-21 06:52:25.228 [info] Getting sessions for read:user...
2024-02-21 06:52:25.229 [info] Getting sessions for all scopes...
2024-02-21 06:52:25.229 [info] Got 1 sessions for read:user...
2024-02-21 06:52:25.230 [info] Got 6 sessions for ...
2024-02-21 06:52:25.318 [info] Getting sessions for project,read:org,read:user,repo,user:email,workflow...
2024-02-21 06:52:25.318 [info] Getting sessions for all scopes...
2024-02-21 06:52:25.318 [info] Got 0 sessions for project,read:org,read:user,repo,user:email,workflow...
2024-02-21 06:52:25.318 [info] Got 6 sessions for ...
2024-02-21 06:52:25.544 [info] Getting sessions for all scopes...
2024-02-21 06:52:25.545 [info] Got 6 sessions for ...
2024-02-21 06:52:25.681 [info] Getting sessions for user:email...
2024-02-21 06:52:25.681 [info] Getting sessions for all scopes...
2024-02-21 06:52:25.681 [info] Got 1 sessions for user:email...
2024-02-21 06:52:25.681 [info] Got 6 sessions for ...
2024-02-21 06:52:25.778 [info] Getting sessions for read:user,repo,user:email,workflow...
2024-02-21 06:52:25.778 [info] Got 1 sessions for read:user,repo,user:email,workflow...
2024-02-21 06:52:28.811 [info] Getting sessions for read:user,repo,user:email,workflow...
2024-02-21 06:52:28.811 [info] Got 1 sessions for read:user,repo,user:email,workflow...
