2024-02-21 09:10:02.082 [info] Reading sessions from keychain...
2024-02-21 09:10:02.082 [info] Getting sessions for all scopes...
2024-02-21 09:10:02.082 [info] Getting sessions for user:email...
2024-02-21 09:10:02.082 [info] Getting sessions for all scopes...
2024-02-21 09:10:02.082 [info] Got stored sessions!
2024-02-21 09:10:02.082 [info] Got 6 verified sessions.
2024-02-21 09:10:02.082 [info] Got 6 sessions for ...
2024-02-21 09:10:02.082 [info] Got 1 sessions for user:email...
2024-02-21 09:10:02.082 [info] Got 6 sessions for ...
2024-02-21 09:10:03.314 [info] Getting sessions for codespace,read:user,repo,user:email...
2024-02-21 09:10:03.314 [info] Getting sessions for all scopes...
2024-02-21 09:10:03.314 [info] Got 1 sessions for codespace,read:user,repo,user:email...
2024-02-21 09:10:03.314 [info] Got 6 sessions for ...
2024-02-21 09:10:04.829 [info] Getting sessions for all scopes...
2024-02-21 09:10:04.830 [info] Got 6 sessions for ...
2024-02-21 09:10:07.746 [info] Getting sessions for read:user...
2024-02-21 09:10:07.746 [info] Getting sessions for all scopes...
2024-02-21 09:10:07.746 [info] Got 1 sessions for read:user...
2024-02-21 09:10:07.747 [info] Got 6 sessions for ...
2024-02-21 09:10:07.846 [info] Getting sessions for project,read:org,read:user,repo,user:email,workflow...
2024-02-21 09:10:07.846 [info] Getting sessions for user:email...
2024-02-21 09:10:07.846 [info] Getting sessions for all scopes...
2024-02-21 09:10:07.846 [info] Got 0 sessions for project,read:org,read:user,repo,user:email,workflow...
2024-02-21 09:10:07.846 [info] Got 1 sessions for user:email...
2024-02-21 09:10:07.846 [info] Got 6 sessions for ...
2024-02-21 09:10:08.105 [info] Getting sessions for all scopes...
2024-02-21 09:10:08.105 [info] Got 6 sessions for ...
2024-02-21 09:10:09.263 [info] Getting sessions for all scopes...
2024-02-21 09:10:09.263 [info] Got 6 sessions for ...
2024-02-21 09:10:09.391 [info] Getting sessions for read:user,repo,user:email,workflow...
2024-02-21 09:10:09.391 [info] Got 1 sessions for read:user,repo,user:email,workflow...
2024-02-21 09:10:11.317 [info] Getting sessions for read:user,repo,user:email,workflow...
2024-02-21 09:10:11.318 [info] Got 1 sessions for read:user,repo,user:email,workflow...
