2024-02-21 06:40:20.922 [info] Log level: Info
2024-02-21 06:40:20.922 [info] Validating found git in: "git"
2024-02-21 06:40:20.922 [info] Using git "2.43.0" from "git"
2024-02-21 06:40:20.922 [info] > git rev-parse --show-toplevel [32ms]
2024-02-21 06:40:20.922 [info] fatal: not a git repository (or any of the parent directories): .git
2024-02-21 06:40:20.922 [info] > git rev-parse --show-toplevel [5ms]
2024-02-21 06:40:20.922 [info] fatal: not a git repository (or any of the parent directories): .git
2024-02-21 06:40:20.922 [info] > git rev-parse --show-toplevel [15ms]
2024-02-21 06:40:20.922 [info] > git rev-parse --git-dir --git-common-dir [10ms]
2024-02-21 06:40:20.922 [info] Open repository: /home/vscode/.nodenv
2024-02-21 06:40:20.922 [info] > git config --get commit.template [12ms]
2024-02-21 06:40:20.922 [info] > git rev-parse --show-toplevel [24ms]
2024-02-21 06:40:20.922 [info] > git rev-parse --git-dir --git-common-dir [7ms]
2024-02-21 06:40:20.922 [info] Open repository: /home/vscode/.oh-my-zsh
2024-02-21 06:40:20.922 [info] > git config --get commit.template [19ms]
2024-02-21 06:40:20.922 [info] > git for-each-ref --format=%(refname)%00%(upstream:short)%00%(objectname)%00%(upstream:track)%00%(upstream:remotename)%00%(upstream:remoteref) refs/heads/master refs/remotes/master [132ms]
2024-02-21 06:40:20.922 [warning] ENOENT: no such file or directory, open '/home/vscode/.nodenv/.git/refs/remotes/origin/master'
2024-02-21 06:40:20.922 [info] > git rev-parse --show-toplevel [94ms]
2024-02-21 06:40:20.922 [info] fatal: not a git repository (or any of the parent directories): .git
2024-02-21 06:40:20.922 [info] > git rev-parse refs/remotes/origin/master [186ms]
2024-02-21 06:40:20.922 [info] > git status -z -uall [4351ms]
2024-02-21 06:40:20.922 [info] > git rev-parse --show-toplevel [4481ms]
2024-02-21 06:40:20.922 [info] fatal: not a git repository (or any of the parent directories): .git
2024-02-21 06:40:20.922 [info] > git for-each-ref --format=%(refname)%00%(upstream:short)%00%(objectname)%00%(upstream:track)%00%(upstream:remotename)%00%(upstream:remoteref) refs/heads/master refs/remotes/master [4966ms]
2024-02-21 06:40:20.922 [warning] ENOENT: no such file or directory, open '/home/vscode/.oh-my-zsh/.git/refs/remotes/origin/master'
2024-02-21 06:40:20.922 [info] > git check-ignore -v -z --stdin [578ms]
2024-02-21 06:40:20.922 [info] > git check-ignore -v -z --stdin [519ms]
2024-02-21 06:40:20.922 [info] > git rev-parse --show-toplevel [448ms]
2024-02-21 06:40:21.020 [info] > git rev-parse refs/remotes/origin/master [129ms]
2024-02-21 06:40:21.119 [info] > git config --get commit.template [321ms]
2024-02-21 06:40:21.992 [info] > git status -z -uall [874ms]
2024-02-21 06:40:21.992 [info] > git rev-parse --git-dir --git-common-dir [973ms]
2024-02-21 06:40:22.008 [info] Open repository: /home/vscode/environment
2024-02-21 06:40:22.288 [info] > git rev-parse --show-toplevel [125ms]
2024-02-21 06:40:22.288 [info] fatal: not a git repository (or any of the parent directories): .git
2024-02-21 06:40:22.289 [info] > git config --get commit.template [173ms]
2024-02-21 06:40:22.289 [info] > git for-each-ref --format=%(refname)%00%(upstream:short)%00%(objectname)%00%(upstream:track)%00%(upstream:remotename)%00%(upstream:remoteref) refs/heads/master refs/remotes/master [225ms]
2024-02-21 06:40:22.302 [warning] Failed to get repository realpath for: "/home/vscode/.vscode-remote/extensions/.6f002a3b-0f89-48fc-b35f-f3bf4dcb3c70/". Error: ENOENT: no such file or directory, realpath '/home/vscode/.vscode-remote/extensions/.6f002a3b-0f89-48fc-b35f-f3bf4dcb3c70/'
2024-02-21 06:40:22.396 [warning] ENOENT: no such file or directory, open '/home/vscode/.nodenv/.git/refs/remotes/origin/master'
2024-02-21 06:40:22.423 [info] > git config --get commit.template [138ms]
2024-02-21 06:40:22.463 [info] No remotes found in the git config file.
2024-02-21 06:40:22.463 [warning] Failed to get repository realpath for: "/home/vscode/.vscode-remote/extensions/.7599a0fe-14c3-4a68-bbc3-9b8ff4e8c8e8/". Error: ENOENT: no such file or directory, realpath '/home/vscode/.vscode-remote/extensions/.7599a0fe-14c3-4a68-bbc3-9b8ff4e8c8e8/'
2024-02-21 06:40:22.519 [info] > git rev-parse refs/remotes/origin/master [123ms]
2024-02-21 06:40:22.595 [info] > git for-each-ref --format=%(refname)%00%(upstream:short)%00%(objectname)%00%(upstream:track)%00%(upstream:remotename)%00%(upstream:remoteref) refs/heads/main refs/remotes/main [132ms]
2024-02-21 06:40:22.672 [info] > git status -z -uall [117ms]
2024-02-21 06:40:22.673 [info] > git status -z -uall [17ms]
2024-02-21 06:40:22.680 [info] > git for-each-ref --format=%(refname)%00%(upstream:short)%00%(objectname)%00%(upstream:track)%00%(upstream:remotename)%00%(upstream:remoteref) refs/heads/master refs/remotes/master [92ms]
2024-02-21 06:40:22.848 [warning] ENOENT: no such file or directory, open '/home/vscode/.oh-my-zsh/.git/refs/remotes/origin/master'
2024-02-21 06:40:23.031 [info] > git config --get commit.template [51ms]
2024-02-21 06:40:23.035 [info] > git rev-parse refs/remotes/origin/master [186ms]
2024-02-21 06:40:23.558 [info] No remotes found in the git config file.
2024-02-21 06:40:23.631 [info] > git status -z -uall [496ms]
2024-02-21 06:40:23.784 [info] > git rev-parse --show-toplevel [170ms]
2024-02-21 06:40:23.784 [info] fatal: not a git repository (or any of the parent directories): .git
2024-02-21 06:40:23.785 [info] > git for-each-ref --format=%(refname)%00%(upstream:short)%00%(objectname)%00%(upstream:track)%00%(upstream:remotename)%00%(upstream:remoteref) refs/heads/main refs/remotes/main [228ms]
2024-02-21 06:40:23.937 [info] > git status -z -uall [62ms]
2024-02-21 06:40:24.384 [info] > git check-ignore -v -z --stdin [384ms]
2024-02-21 06:40:24.385 [info] > git check-ignore -v -z --stdin [343ms]
2024-02-21 06:40:24.386 [info] > git check-ignore -v -z --stdin [284ms]
2024-02-21 06:40:25.409 [info] > git rev-parse --show-toplevel [84ms]
2024-02-21 06:40:25.409 [info] fatal: not a git repository (or any of the parent directories): .git
2024-02-21 06:40:25.863 [info] > git config --local branch.main.github-pr-owner-number [235ms]
2024-02-21 06:40:26.251 [info] > git rev-parse --show-toplevel [403ms]
2024-02-21 06:40:26.251 [info] fatal: not a git repository (or any of the parent directories): .git
2024-02-21 06:40:26.768 [info] > git config --local branch.main.remote [857ms]
2024-02-21 06:40:27.784 [info] > git rev-parse --show-toplevel [224ms]
2024-02-21 06:40:27.784 [info] fatal: not a git repository (or any of the parent directories): .git
2024-02-21 06:40:29.340 [info] > git config --local branch.master.github-pr-owner-number [1010ms]
2024-02-21 06:40:29.732 [info] > git config --local branch.master.github-pr-owner-number [1272ms]
2024-02-21 06:40:32.270 [info] > git rev-parse --show-toplevel [310ms]
2024-02-21 06:40:32.270 [info] fatal: not a git repository (or any of the parent directories): .git
2024-02-21 06:40:35.978 [info] > git rev-parse --show-toplevel [311ms]
2024-02-21 06:40:35.979 [info] fatal: not a git repository (or any of the parent directories): .git
2024-02-21 06:40:49.262 [info] > git rev-parse --show-toplevel [10243ms]
2024-02-21 06:40:49.262 [info] fatal: not a git repository (or any of the parent directories): .git
2024-02-21 06:40:50.143 [warning] Failed to get repository realpath for: "/home/vscode/.vscode-remote/extensions/.b3ddee3a-0e62-4cad-bdd5-6f625bac224d/". Error: ENOENT: no such file or directory, realpath '/home/vscode/.vscode-remote/extensions/.b3ddee3a-0e62-4cad-bdd5-6f625bac224d/'
2024-02-21 06:40:52.837 [info] > git rev-parse --show-toplevel [14ms]
2024-02-21 06:40:52.838 [info] fatal: not a git repository (or any of the parent directories): .git
2024-02-21 06:40:53.517 [info] > git rev-parse --show-toplevel [85ms]
2024-02-21 06:40:53.517 [info] fatal: not a git repository (or any of the parent directories): .git
2024-02-21 06:45:25.667 [info] > git config --local branch.master.github-pr-owner-number [29ms]
2024-02-21 06:45:25.668 [info] > git config --local branch.main.github-pr-owner-number [61ms]
2024-02-21 06:45:25.668 [info] > git config --local branch.master.github-pr-owner-number [2ms]
2024-02-21 06:50:25.770 [info] > git config --local branch.main.github-pr-owner-number [31ms]
2024-02-21 06:50:25.770 [info] > git config --local branch.master.github-pr-owner-number [63ms]
2024-02-21 06:50:25.771 [info] > git config --local branch.master.github-pr-owner-number [2ms]
2024-02-21 06:52:36.589 [info] > git config --get commit.template [44ms]
2024-02-21 06:52:36.592 [info] > git for-each-ref --format=%(refname)%00%(upstream:short)%00%(objectname)%00%(upstream:track)%00%(upstream:remotename)%00%(upstream:remoteref) refs/heads/master refs/remotes/master [3ms]
2024-02-21 06:52:36.635 [warning] ENOENT: no such file or directory, open '/home/vscode/.nodenv/.git/refs/remotes/origin/master'
2024-02-21 06:52:36.639 [info] > git rev-parse refs/remotes/origin/master [4ms]
2024-02-21 06:52:36.686 [info] > git status -z -uall [4ms]
2024-02-21 06:55:25.844 [info] > git config --local branch.master.github-pr-owner-number [2ms]
2024-02-21 06:55:25.845 [info] > git config --local branch.main.github-pr-owner-number [39ms]
2024-02-21 06:55:25.882 [info] > git config --local branch.master.github-pr-owner-number [2ms]
2024-02-21 07:00:25.919 [info] > git config --local branch.main.github-pr-owner-number [1ms]
2024-02-21 07:00:25.920 [info] > git config --local branch.master.github-pr-owner-number [38ms]
2024-02-21 07:00:25.955 [info] > git config --local branch.master.github-pr-owner-number [1ms]
2024-02-21 07:04:43.535 [info] > git rev-parse --show-toplevel [2ms]
2024-02-21 07:04:43.535 [info] fatal: not a git repository (or any of the parent directories): .git
2024-02-21 07:05:08.860 [info] > git rev-parse --show-toplevel [1ms]
2024-02-21 07:05:08.860 [info] fatal: not a git repository (or any of the parent directories): .git
2024-02-21 07:05:18.583 [info] > git rev-parse --show-toplevel [4ms]
2024-02-21 07:05:18.583 [info] fatal: not a git repository (or any of the parent directories): .git
2024-02-21 07:05:25.570 [info] > git rev-parse --show-toplevel [1ms]
2024-02-21 07:05:25.570 [info] fatal: not a git repository (or any of the parent directories): .git
2024-02-21 07:05:25.989 [info] > git config --local branch.main.github-pr-owner-number [33ms]
2024-02-21 07:05:26.023 [info] > git config --local branch.master.github-pr-owner-number [35ms]
2024-02-21 07:05:26.024 [info] > git config --local branch.master.github-pr-owner-number [2ms]
2024-02-21 07:09:24.761 [info] > git rev-parse --show-toplevel [2ms]
2024-02-21 07:09:24.795 [info] > git rev-parse --git-dir --git-common-dir [2ms]
2024-02-21 07:09:24.803 [info] Open repository: /home/vscode/progate_path/self_introduction_branch/self_introduction
2024-02-21 07:09:24.841 [info] > git config --get commit.template [3ms]
2024-02-21 07:09:24.873 [info] No remotes found in the git config file.
2024-02-21 07:09:24.875 [info] > git for-each-ref --format=%(refname)%00%(upstream:short)%00%(objectname)%00%(upstream:track)%00%(upstream:remotename)%00%(upstream:remoteref) refs/heads/main refs/remotes/main [2ms]
2024-02-21 07:09:24.911 [info] > git status -z -uall [3ms]
2024-02-21 07:09:24.997 [info] No remotes found in the git config file.
2024-02-21 07:09:24.997 [info] > git config --get commit.template [40ms]
2024-02-21 07:09:24.999 [info] > git for-each-ref --format=%(refname)%00%(upstream:short)%00%(objectname)%00%(upstream:track)%00%(upstream:remotename)%00%(upstream:remoteref) refs/heads/main refs/remotes/main [3ms]
2024-02-21 07:09:25.035 [info] > git status -z -uall [6ms]
2024-02-21 07:09:25.283 [info] > git config --local branch.main.github-pr-owner-number [34ms]
2024-02-21 07:09:25.318 [info] > git config --local branch.main.remote [3ms]
2024-02-21 07:09:25.516 [info] > git check-ignore -v -z --stdin [71ms]
2024-02-21 07:09:25.517 [info] > git check-ignore -v -z --stdin [37ms]
2024-02-21 07:09:25.519 [info] > git check-ignore -v -z --stdin [6ms]
2024-02-21 07:09:32.656 [info] > git config --get commit.template [4ms]
2024-02-21 07:09:32.691 [info] No remotes found in the git config file.
2024-02-21 07:09:32.693 [info] > git for-each-ref --format=%(refname)%00%(upstream:short)%00%(objectname)%00%(upstream:track)%00%(upstream:remotename)%00%(upstream:remoteref) refs/heads/main refs/remotes/main [2ms]
2024-02-21 07:09:32.725 [info] > git status -z -uall [2ms]
2024-02-21 07:09:48.388 [info] No remotes found in the git config file.
2024-02-21 07:09:48.390 [info] > git config --get commit.template [33ms]
2024-02-21 07:09:48.391 [info] > git for-each-ref --format=%(refname)%00%(upstream:short)%00%(objectname)%00%(upstream:track)%00%(upstream:remotename)%00%(upstream:remoteref) refs/heads/main refs/remotes/main [2ms]
2024-02-21 07:09:48.431 [info] > git status -z -uall [4ms]
2024-02-21 07:09:48.475 [info] > git config --local branch.main.github-pr-owner-number [2ms]
2024-02-21 07:09:48.537 [info] > git config --local branch.main.remote [2ms]
2024-02-21 07:10:26.101 [info] > git config --local branch.master.github-pr-owner-number [36ms]
2024-02-21 07:10:26.102 [info] > git config --local branch.main.github-pr-owner-number [74ms]
2024-02-21 07:10:26.105 [info] > git config --local branch.master.github-pr-owner-number [5ms]
2024-02-21 07:12:15.856 [info] > git check-ignore -v -z --stdin [4ms]
2024-02-21 07:12:18.906 [info] > git check-ignore -v -z --stdin [2ms]
2024-02-21 07:12:20.883 [info] > git show --textconv :src/favorite_food.md [103ms]
2024-02-21 07:12:20.904 [info] > git ls-files --stage -- /home/vscode/progate_path/self_introduction_branch/self_introduction/src/favorite_food.md [26ms]
2024-02-21 07:12:20.967 [info] > git cat-file -s f5033617eeed106b96d7206b522114e8323b4198 [16ms]
2024-02-21 07:12:25.972 [info] No remotes found in the git config file.
2024-02-21 07:12:25.973 [info] > git config --get commit.template [39ms]
2024-02-21 07:12:25.974 [info] > git for-each-ref --format=%(refname)%00%(upstream:short)%00%(objectname)%00%(upstream:track)%00%(upstream:remotename)%00%(upstream:remoteref) refs/heads/main refs/remotes/main [2ms]
2024-02-21 07:12:26.030 [info] > git status -z -uall [1ms]
2024-02-21 07:12:31.106 [info] No remotes found in the git config file.
2024-02-21 07:12:31.107 [info] > git config --get commit.template [36ms]
2024-02-21 07:12:31.109 [info] > git for-each-ref --format=%(refname)%00%(upstream:short)%00%(objectname)%00%(upstream:track)%00%(upstream:remotename)%00%(upstream:remoteref) refs/heads/main refs/remotes/main [2ms]
2024-02-21 07:12:31.145 [info] > git status -z -uall [2ms]
2024-02-21 07:12:39.339 [info] No remotes found in the git config file.
2024-02-21 07:12:39.339 [info] > git config --get commit.template [37ms]
2024-02-21 07:12:39.340 [info] > git for-each-ref --format=%(refname)%00%(upstream:short)%00%(objectname)%00%(upstream:track)%00%(upstream:remotename)%00%(upstream:remoteref) refs/heads/main refs/remotes/main [2ms]
2024-02-21 07:12:39.380 [info] > git status -z -uall [3ms]
2024-02-21 07:12:39.504 [info] > git ls-files --stage -- /home/vscode/progate_path/self_introduction_branch/self_introduction/src/favorite_food.md [3ms]
2024-02-21 07:12:39.542 [info] > git cat-file -s ab39d13fd994439e82d47c54618728969f7972d7 [2ms]
2024-02-21 07:12:39.672 [info] > git show --textconv :src/favorite_food.md [5ms]
2024-02-21 07:12:46.690 [info] No remotes found in the git config file.
2024-02-21 07:12:46.691 [info] > git config --get commit.template [36ms]
2024-02-21 07:12:46.692 [info] > git for-each-ref --format=%(refname)%00%(upstream:short)%00%(objectname)%00%(upstream:track)%00%(upstream:remotename)%00%(upstream:remoteref) refs/heads/main refs/remotes/main [2ms]
2024-02-21 07:12:46.725 [info] > git status -z -uall [2ms]
2024-02-21 07:12:46.767 [info] > git config --local branch.main.github-pr-owner-number [2ms]
2024-02-21 07:12:46.801 [info] > git config --local branch.main.remote [2ms]
2024-02-21 07:12:46.845 [info] > git ls-files --stage -- /home/vscode/progate_path/self_introduction_branch/self_introduction/src/favorite_food.md [2ms]
2024-02-21 07:12:46.878 [info] > git cat-file -s ab39d13fd994439e82d47c54618728969f7972d7 [2ms]
2024-02-21 07:12:47.001 [info] > git show --textconv :src/favorite_food.md [2ms]
2024-02-21 07:14:24.841 [info] > git config --local branch.main.github-pr-owner-number [1ms]
2024-02-21 07:15:26.204 [info] > git config --local branch.main.github-pr-owner-number [34ms]
2024-02-21 07:15:26.205 [info] > git config --local branch.master.github-pr-owner-number [69ms]
2024-02-21 07:15:26.206 [info] > git config --local branch.master.github-pr-owner-number [3ms]
2024-02-21 07:19:24.876 [info] > git config --local branch.main.github-pr-owner-number [2ms]
2024-02-21 07:20:26.307 [info] > git config --local branch.master.github-pr-owner-number [3ms]
2024-02-21 07:20:26.308 [info] > git config --local branch.master.github-pr-owner-number [35ms]
2024-02-21 07:20:26.309 [info] > git config --local branch.main.github-pr-owner-number [70ms]
2024-02-21 07:21:35.553 [info] No remotes found in the git config file.
2024-02-21 07:21:35.554 [info] > git config --get commit.template [34ms]
2024-02-21 07:21:35.554 [info] > git for-each-ref --format=%(refname)%00%(upstream:short)%00%(objectname)%00%(upstream:track)%00%(upstream:remotename)%00%(upstream:remoteref) refs/heads/main refs/remotes/main [2ms]
2024-02-21 07:21:35.591 [info] > git status -z -uall [3ms]
2024-02-21 07:21:38.305 [info] > git ls-files --stage -- /home/vscode/progate_path/self_introduction_branch/self_introduction/src/favorite_food.md [2ms]
2024-02-21 07:21:38.341 [info] > git cat-file -s ab39d13fd994439e82d47c54618728969f7972d7 [3ms]
2024-02-21 07:21:38.464 [info] > git show --textconv :src/favorite_food.md [2ms]
2024-02-21 07:21:49.385 [info] > git config --get commit.template [2ms]
2024-02-21 07:21:49.418 [info] No remotes found in the git config file.
2024-02-21 07:21:49.419 [info] > git for-each-ref --format=%(refname)%00%(upstream:short)%00%(objectname)%00%(upstream:track)%00%(upstream:remotename)%00%(upstream:remoteref) refs/heads/branch-a refs/remotes/branch-a [2ms]
2024-02-21 07:21:49.452 [info] > git status -z -uall [2ms]
2024-02-21 07:21:49.490 [info] > git config --local branch.branch-a.github-pr-owner-number [1ms]
2024-02-21 07:21:49.525 [info] > git config --local branch.branch-a.remote [2ms]
2024-02-21 07:22:21.130 [info] > git show --textconv :src/favorite_drink.md [38ms]
2024-02-21 07:22:21.132 [info] > git ls-files --stage -- /home/vscode/progate_path/self_introduction_branch/self_introduction/src/favorite_drink.md [4ms]
2024-02-21 07:22:21.172 [info] > git cat-file -s 0ac8b2499d71d3c2516bcd6000f0b553ceca35e9 [4ms]
2024-02-21 07:22:27.179 [info] No remotes found in the git config file.
2024-02-21 07:22:27.180 [info] > git config --get commit.template [34ms]
2024-02-21 07:22:27.181 [info] > git for-each-ref --format=%(refname)%00%(upstream:short)%00%(objectname)%00%(upstream:track)%00%(upstream:remotename)%00%(upstream:remoteref) refs/heads/branch-a refs/remotes/branch-a [2ms]
2024-02-21 07:22:27.217 [info] > git status -z -uall [2ms]
2024-02-21 07:22:36.875 [info] No remotes found in the git config file.
2024-02-21 07:22:36.876 [info] > git config --get commit.template [34ms]
2024-02-21 07:22:36.877 [info] > git for-each-ref --format=%(refname)%00%(upstream:short)%00%(objectname)%00%(upstream:track)%00%(upstream:remotename)%00%(upstream:remoteref) refs/heads/branch-a refs/remotes/branch-a [2ms]
2024-02-21 07:22:36.912 [info] > git status -z -uall [1ms]
2024-02-21 07:22:41.982 [info] No remotes found in the git config file.
2024-02-21 07:22:41.983 [info] > git config --get commit.template [33ms]
2024-02-21 07:22:41.984 [info] > git for-each-ref --format=%(refname)%00%(upstream:short)%00%(objectname)%00%(upstream:track)%00%(upstream:remotename)%00%(upstream:remoteref) refs/heads/branch-a refs/remotes/branch-a [2ms]
2024-02-21 07:22:42.019 [info] > git status -z -uall [3ms]
2024-02-21 07:22:43.124 [info] > git ls-files --stage -- /home/vscode/progate_path/self_introduction_branch/self_introduction/src/favorite_drink.md [2ms]
2024-02-21 07:22:43.159 [info] > git cat-file -s 6f938992688428353088784d3258e58c997ca1aa [2ms]
2024-02-21 07:22:43.288 [info] > git show --textconv :src/favorite_drink.md [3ms]
2024-02-21 07:22:48.533 [info] No remotes found in the git config file.
2024-02-21 07:22:48.534 [info] > git config --get commit.template [33ms]
2024-02-21 07:22:48.535 [info] > git for-each-ref --format=%(refname)%00%(upstream:short)%00%(objectname)%00%(upstream:track)%00%(upstream:remotename)%00%(upstream:remoteref) refs/heads/branch-a refs/remotes/branch-a [2ms]
2024-02-21 07:22:48.570 [info] > git status -z -uall [2ms]
2024-02-21 07:22:51.112 [info] > git ls-files --stage -- /home/vscode/progate_path/self_introduction_branch/self_introduction/src/favorite_drink.md [2ms]
2024-02-21 07:22:51.151 [info] > git cat-file -s 6f938992688428353088784d3258e58c997ca1aa [3ms]
2024-02-21 07:22:51.275 [info] > git show --textconv :src/favorite_drink.md [0ms]
2024-02-21 07:22:53.666 [info] No remotes found in the git config file.
2024-02-21 07:22:53.667 [info] > git config --get commit.template [33ms]
2024-02-21 07:22:53.669 [info] > git for-each-ref --format=%(refname)%00%(upstream:short)%00%(objectname)%00%(upstream:track)%00%(upstream:remotename)%00%(upstream:remoteref) refs/heads/branch-a refs/remotes/branch-a [2ms]
2024-02-21 07:22:53.702 [info] > git status -z -uall [3ms]
2024-02-21 07:22:53.741 [info] > git config --local branch.branch-a.github-pr-owner-number [2ms]
2024-02-21 07:22:53.775 [info] > git config --local branch.branch-a.remote [2ms]
2024-02-21 07:24:24.913 [info] > git config --local branch.branch-a.github-pr-owner-number [2ms]
2024-02-21 07:25:26.386 [info] > git config --local branch.master.github-pr-owner-number [39ms]
2024-02-21 07:25:26.425 [info] > git config --local branch.master.github-pr-owner-number [40ms]
2024-02-21 07:25:26.426 [info] > git config --local branch.main.github-pr-owner-number [2ms]
2024-02-21 07:25:29.141 [info] No remotes found in the git config file.
2024-02-21 07:25:29.142 [info] > git config --get commit.template [39ms]
2024-02-21 07:25:29.143 [info] > git for-each-ref --format=%(refname)%00%(upstream:short)%00%(objectname)%00%(upstream:track)%00%(upstream:remotename)%00%(upstream:remoteref) refs/heads/main refs/remotes/main [3ms]
2024-02-21 07:25:29.183 [info] > git status -z -uall [3ms]
2024-02-21 07:25:29.224 [info] > git config --local branch.main.github-pr-owner-number [2ms]
2024-02-21 07:25:29.267 [info] > git config --local branch.main.remote [2ms]
2024-02-21 07:25:29.367 [info] > git ls-files --stage -- /home/vscode/progate_path/self_introduction_branch/self_introduction/src/favorite_drink.md [1ms]
2024-02-21 07:25:29.406 [info] > git cat-file -s 0ac8b2499d71d3c2516bcd6000f0b553ceca35e9 [2ms]
2024-02-21 07:25:29.577 [info] > git show --textconv :src/favorite_drink.md [4ms]
2024-02-21 07:29:24.958 [info] > git config --local branch.main.github-pr-owner-number [1ms]
2024-02-21 07:30:26.463 [info] > git config --local branch.master.github-pr-owner-number [40ms]
2024-02-21 07:30:26.500 [info] > git config --local branch.master.github-pr-owner-number [36ms]
2024-02-21 07:30:26.501 [info] > git config --local branch.main.github-pr-owner-number [2ms]
2024-02-21 07:34:24.999 [info] > git config --local branch.main.github-pr-owner-number [2ms]
2024-02-21 07:35:26.577 [info] > git config --local branch.master.github-pr-owner-number [39ms]
2024-02-21 07:35:26.577 [info] > git config --local branch.master.github-pr-owner-number [77ms]
2024-02-21 07:35:26.578 [info] > git config --local branch.main.github-pr-owner-number [3ms]
2024-02-21 07:38:38.476 [info] > git config --get commit.template [0ms]
2024-02-21 07:38:38.517 [info] No remotes found in the git config file.
2024-02-21 07:38:38.521 [info] > git for-each-ref --format=%(refname)%00%(upstream:short)%00%(objectname)%00%(upstream:track)%00%(upstream:remotename)%00%(upstream:remoteref) refs/heads/main refs/remotes/main [3ms]
2024-02-21 07:38:38.555 [info] > git status -z -uall [2ms]
2024-02-21 07:38:45.161 [info] No remotes found in the git config file.
2024-02-21 07:38:45.162 [info] > git config --get commit.template [39ms]
2024-02-21 07:38:45.165 [info] > git for-each-ref --format=%(refname)%00%(upstream:short)%00%(objectname)%00%(upstream:track)%00%(upstream:remotename)%00%(upstream:remoteref) refs/heads/main refs/remotes/main [4ms]
2024-02-21 07:38:45.202 [info] > git status -z -uall [3ms]
2024-02-21 07:39:00.287 [info] No remotes found in the git config file.
2024-02-21 07:39:00.287 [info] > git config --get commit.template [35ms]
2024-02-21 07:39:00.289 [info] > git for-each-ref --format=%(refname)%00%(upstream:short)%00%(objectname)%00%(upstream:track)%00%(upstream:remotename)%00%(upstream:remoteref) refs/heads/main refs/remotes/main [2ms]
2024-02-21 07:39:00.327 [info] > git status -z -uall [4ms]
2024-02-21 07:39:00.461 [info] > git ls-files --stage -- /home/vscode/progate_path/self_introduction_branch/self_introduction/src/favorite_drink.md [2ms]
2024-02-21 07:39:00.508 [info] > git cat-file -s 0ac8b2499d71d3c2516bcd6000f0b553ceca35e9 [2ms]
2024-02-21 07:39:00.631 [info] > git show --textconv :src/favorite_drink.md [3ms]
2024-02-21 07:39:25.094 [info] > git config --local branch.main.github-pr-owner-number [4ms]
2024-02-21 07:40:26.700 [info] > git config --local branch.master.github-pr-owner-number [36ms]
2024-02-21 07:40:26.700 [info] > git config --local branch.master.github-pr-owner-number [72ms]
2024-02-21 07:40:26.701 [info] > git config --local branch.main.github-pr-owner-number [3ms]
2024-02-21 07:40:38.757 [info] > git show --textconv :src/favorite_food.md [38ms]
2024-02-21 07:40:38.758 [info] > git ls-files --stage -- /home/vscode/progate_path/self_introduction_branch/self_introduction/src/favorite_food.md [3ms]
2024-02-21 07:40:38.793 [info] > git cat-file -s ab39d13fd994439e82d47c54618728969f7972d7 [2ms]
2024-02-21 07:40:48.991 [info] No remotes found in the git config file.
2024-02-21 07:40:48.992 [info] > git config --get commit.template [34ms]
2024-02-21 07:40:48.993 [info] > git for-each-ref --format=%(refname)%00%(upstream:short)%00%(objectname)%00%(upstream:track)%00%(upstream:remotename)%00%(upstream:remoteref) refs/heads/main refs/remotes/main [3ms]
2024-02-21 07:40:49.027 [info] > git status -z -uall [3ms]
2024-02-21 07:40:54.068 [info] > git config --get commit.template [3ms]
2024-02-21 07:40:54.103 [info] No remotes found in the git config file.
2024-02-21 07:40:54.105 [info] > git for-each-ref --format=%(refname)%00%(upstream:short)%00%(objectname)%00%(upstream:track)%00%(upstream:remotename)%00%(upstream:remoteref) refs/heads/main refs/remotes/main [2ms]
2024-02-21 07:40:54.140 [info] > git status -z -uall [2ms]
2024-02-21 07:41:59.129 [info] No remotes found in the git config file.
2024-02-21 07:41:59.130 [info] > git config --get commit.template [35ms]
2024-02-21 07:41:59.131 [info] > git for-each-ref --format=%(refname)%00%(upstream:short)%00%(objectname)%00%(upstream:track)%00%(upstream:remotename)%00%(upstream:remoteref) refs/heads/main refs/remotes/main [2ms]
2024-02-21 07:41:59.169 [info] > git status -z -uall [3ms]
2024-02-21 07:41:59.293 [info] > git ls-files --stage -- /home/vscode/progate_path/self_introduction_branch/self_introduction/src/favorite_food.md [2ms]
2024-02-21 07:41:59.333 [info] > git cat-file -s a73e7b0a31d5330496937c54a4c5997db1faea25 [2ms]
2024-02-21 07:41:59.459 [info] > git show --textconv :src/favorite_food.md [3ms]
2024-02-21 07:42:05.169 [info] No remotes found in the git config file.
2024-02-21 07:42:05.170 [info] > git config --get commit.template [38ms]
2024-02-21 07:42:05.171 [info] > git for-each-ref --format=%(refname)%00%(upstream:short)%00%(objectname)%00%(upstream:track)%00%(upstream:remotename)%00%(upstream:remoteref) refs/heads/main refs/remotes/main [2ms]
2024-02-21 07:42:05.210 [info] > git status -z -uall [3ms]
2024-02-21 07:42:05.252 [info] > git config --local branch.main.github-pr-owner-number [2ms]
2024-02-21 07:42:05.292 [info] > git config --local branch.main.remote [2ms]
2024-02-21 07:42:05.346 [info] > git ls-files --stage -- /home/vscode/progate_path/self_introduction_branch/self_introduction/src/favorite_food.md [2ms]
2024-02-21 07:42:05.384 [info] > git cat-file -s a73e7b0a31d5330496937c54a4c5997db1faea25 [1ms]
2024-02-21 07:42:05.518 [info] > git show --textconv :src/favorite_food.md [2ms]
2024-02-21 07:44:25.133 [info] > git config --local branch.main.github-pr-owner-number [2ms]
2024-02-21 07:45:26.772 [info] > git config --local branch.master.github-pr-owner-number [36ms]
2024-02-21 07:45:26.806 [info] > git config --local branch.master.github-pr-owner-number [34ms]
2024-02-21 07:45:26.807 [info] > git config --local branch.main.github-pr-owner-number [2ms]
2024-02-21 07:49:25.218 [info] > git config --local branch.main.github-pr-owner-number [2ms]
2024-02-21 07:50:26.876 [info] > git config --local branch.master.github-pr-owner-number [32ms]
2024-02-21 07:50:26.876 [info] > git config --local branch.master.github-pr-owner-number [67ms]
2024-02-21 07:50:26.877 [info] > git config --local branch.main.github-pr-owner-number [3ms]
2024-02-21 07:54:25.254 [info] > git config --local branch.main.github-pr-owner-number [2ms]
2024-02-21 07:55:27.014 [info] > git config --local branch.master.github-pr-owner-number [42ms]
2024-02-21 07:55:27.015 [info] > git config --local branch.master.github-pr-owner-number [83ms]
2024-02-21 07:55:27.016 [info] > git config --local branch.main.github-pr-owner-number [4ms]
2024-02-21 07:59:25.292 [info] > git config --local branch.main.github-pr-owner-number [3ms]
2024-02-21 08:00:27.093 [info] > git config --local branch.master.github-pr-owner-number [39ms]
2024-02-21 08:00:27.130 [info] > git config --local branch.master.github-pr-owner-number [38ms]
2024-02-21 08:00:27.132 [info] > git config --local branch.main.github-pr-owner-number [3ms]
2024-02-21 08:04:25.330 [info] > git config --local branch.main.github-pr-owner-number [1ms]
2024-02-21 08:05:27.166 [info] > git config --local branch.master.github-pr-owner-number [36ms]
2024-02-21 08:05:27.201 [info] > git config --local branch.master.github-pr-owner-number [34ms]
2024-02-21 08:05:27.203 [info] > git config --local branch.main.github-pr-owner-number [3ms]
2024-02-21 08:09:25.368 [info] > git config --local branch.main.github-pr-owner-number [1ms]
2024-02-21 08:10:27.276 [info] > git config --local branch.master.github-pr-owner-number [37ms]
2024-02-21 08:10:27.277 [info] > git config --local branch.master.github-pr-owner-number [74ms]
2024-02-21 08:10:27.279 [info] > git config --local branch.main.github-pr-owner-number [4ms]
2024-02-21 08:14:25.405 [info] > git config --local branch.main.github-pr-owner-number [1ms]
2024-02-21 08:15:27.354 [info] > git config --local branch.master.github-pr-owner-number [40ms]
2024-02-21 08:15:27.407 [info] > git config --local branch.master.github-pr-owner-number [53ms]
2024-02-21 08:15:27.408 [info] > git config --local branch.main.github-pr-owner-number [2ms]
2024-02-21 08:15:38.972 [info] > git config --get commit.template [2ms]
2024-02-21 08:15:39.008 [info] No remotes found in the git config file.
2024-02-21 08:15:39.009 [info] > git for-each-ref --format=%(refname)%00%(upstream:short)%00%(objectname)%00%(upstream:track)%00%(upstream:remotename)%00%(upstream:remoteref) refs/heads/main refs/remotes/main [2ms]
2024-02-21 08:15:39.049 [info] > git status -z -uall [3ms]
2024-02-21 08:15:39.176 [info] > git ls-files --stage -- /home/vscode/progate_path/self_introduction_branch/self_introduction/src/favorite_food.md [3ms]
2024-02-21 08:15:39.214 [info] > git cat-file -s a73e7b0a31d5330496937c54a4c5997db1faea25 [2ms]
2024-02-21 08:15:39.340 [info] > git show --textconv :src/favorite_food.md [3ms]
2024-02-21 08:16:56.512 [info] > git show --textconv :src/favorite_drink.md [37ms]
2024-02-21 08:16:56.513 [info] > git ls-files --stage -- /home/vscode/progate_path/self_introduction_branch/self_introduction/src/favorite_drink.md [3ms]
2024-02-21 08:16:56.554 [info] > git cat-file -s 0ac8b2499d71d3c2516bcd6000f0b553ceca35e9 [4ms]
2024-02-21 08:17:47.454 [info] No remotes found in the git config file.
2024-02-21 08:17:47.455 [info] > git config --get commit.template [36ms]
2024-02-21 08:17:47.456 [info] > git for-each-ref --format=%(refname)%00%(upstream:short)%00%(objectname)%00%(upstream:track)%00%(upstream:remotename)%00%(upstream:remoteref) refs/heads/main refs/remotes/main [2ms]
2024-02-21 08:17:47.492 [info] > git status -z -uall [3ms]
2024-02-21 08:17:47.634 [info] > git ls-files --stage -- /home/vscode/progate_path/self_introduction_branch/self_introduction/src/favorite_drink.md [3ms]
2024-02-21 08:17:47.679 [info] > git cat-file -s 5e5d95c071522d98a445609bc1005d51bf1a4bbd [2ms]
2024-02-21 08:17:47.802 [info] > git show --textconv :src/favorite_drink.md [3ms]
2024-02-21 08:17:52.623 [info] > git config --get commit.template [3ms]
2024-02-21 08:17:52.660 [info] No remotes found in the git config file.
2024-02-21 08:17:52.662 [info] > git for-each-ref --format=%(refname)%00%(upstream:short)%00%(objectname)%00%(upstream:track)%00%(upstream:remotename)%00%(upstream:remoteref) refs/heads/main refs/remotes/main [2ms]
2024-02-21 08:17:52.704 [info] > git status -z -uall [3ms]
2024-02-21 08:17:52.747 [info] > git config --local branch.main.github-pr-owner-number [2ms]
2024-02-21 08:17:52.789 [info] > git config --local branch.main.remote [2ms]
2024-02-21 08:17:52.834 [info] > git ls-files --stage -- /home/vscode/progate_path/self_introduction_branch/self_introduction/src/favorite_drink.md [3ms]
2024-02-21 08:17:52.876 [info] > git cat-file -s 5e5d95c071522d98a445609bc1005d51bf1a4bbd [2ms]
2024-02-21 08:17:53.013 [info] > git show --textconv :src/favorite_drink.md [2ms]
2024-02-21 08:18:07.178 [info] No remotes found in the git config file.
2024-02-21 08:18:07.180 [info] > git for-each-ref --format=%(refname)%00%(upstream:short)%00%(objectname)%00%(upstream:track)%00%(upstream:remotename)%00%(upstream:remoteref) refs/heads/main refs/remotes/main [3ms]
2024-02-21 08:18:07.218 [info] > git status -z -uall [3ms]
2024-02-21 08:18:07.366 [info] > git ls-files --stage -- /home/vscode/progate_path/self_introduction_branch/self_introduction/src/favorite_drink.md [4ms]
2024-02-21 08:18:07.411 [info] > git cat-file -s 0ac8b2499d71d3c2516bcd6000f0b553ceca35e9 [5ms]
2024-02-21 08:18:07.539 [info] > git show --textconv :src/favorite_drink.md [4ms]
2024-02-21 08:19:25.442 [info] > git config --local branch.main.github-pr-owner-number [1ms]
2024-02-21 08:20:27.396 [info] > git config --local branch.master.github-pr-owner-number [2ms]
2024-02-21 08:20:27.482 [info] > git config --local branch.master.github-pr-owner-number [36ms]
2024-02-21 08:20:27.484 [info] > git config --local branch.main.github-pr-owner-number [3ms]
2024-02-21 08:21:55.336 [info] > git show -s --format=%H%n%aN%n%aE%n%at%n%ct%n%P%n%D%n%B -z HEAD [38ms]
2024-02-21 08:21:55.337 [info] > git show -s --format=%H%n%aN%n%aE%n%at%n%ct%n%P%n%D%n%B -z MERGE_HEAD [4ms]
2024-02-21 08:21:55.733 [info] > git show --textconv :1:src/favorite_drink.md [195ms]
2024-02-21 08:21:55.733 [info] > git show --textconv 1d398a7b86adf236c995974814d300806db43f28:src/favorite_drink.md [155ms]
2024-02-21 08:21:55.733 [info] > git show --textconv d66ffb4b3d3c3d84a19609521c6a74261bc1d30d:src/favorite_drink.md [117ms]
2024-02-21 08:21:55.734 [info] > git ls-tree -l d66ffb4b3d3c3d84a19609521c6a74261bc1d30d -- /home/vscode/progate_path/self_introduction_branch/self_introduction/src/favorite_drink.md [5ms]
2024-02-21 08:21:55.735 [info] > git ls-tree -l 1d398a7b86adf236c995974814d300806db43f28 -- /home/vscode/progate_path/self_introduction_branch/self_introduction/src/favorite_drink.md [43ms]
2024-02-21 08:21:55.736 [info] > git ls-tree -l :1 -- /home/vscode/progate_path/self_introduction_branch/self_introduction/src/favorite_drink.md [82ms]
2024-02-21 08:21:55.736 [info] fatal: Not a valid object name :1
2024-02-21 08:21:58.273 [info] No remotes found in the git config file.
2024-02-21 08:21:58.274 [info] > git for-each-ref --format=%(refname)%00%(upstream:short)%00%(objectname)%00%(upstream:track)%00%(upstream:remotename)%00%(upstream:remoteref) refs/heads/main refs/remotes/main [1ms]
2024-02-21 08:21:58.330 [info] > git status -z -uall [2ms]
2024-02-21 08:22:04.928 [info] > git add -A -- /home/vscode/progate_path/self_introduction_branch/self_introduction/src/favorite_drink.md [5ms]
2024-02-21 08:22:04.970 [info] No remotes found in the git config file.
2024-02-21 08:22:04.972 [info] > git for-each-ref --format=%(refname)%00%(upstream:short)%00%(objectname)%00%(upstream:track)%00%(upstream:remotename)%00%(upstream:remoteref) refs/heads/main refs/remotes/main [3ms]
2024-02-21 08:22:05.010 [info] > git status -z -uall [2ms]
2024-02-21 08:22:05.559 [info] > git show --textconv :src/favorite_drink.md [82ms]
2024-02-21 08:22:05.564 [info] > git rev-parse --show-toplevel [8ms]
2024-02-21 08:22:05.564 [info] fatal: not a git repository (or any of the parent directories): .git
2024-02-21 08:22:05.565 [info] > git ls-files --stage -- /home/vscode/progate_path/self_introduction_branch/self_introduction/src/favorite_drink.md [54ms]
2024-02-21 08:22:05.618 [info] > git for-each-ref --format=%(refname)%00%(upstream:short)%00%(objectname)%00%(upstream:track)%00%(upstream:remotename)%00%(upstream:remoteref) refs/heads/main [176ms]
2024-02-21 08:22:05.668 [info] > git for-each-ref --format=%(refname)%00%(upstream:short)%00%(objectname)%00%(upstream:track)%00%(upstream:remotename)%00%(upstream:remoteref) refs/heads/main [262ms]
2024-02-21 08:22:05.832 [info] > git config --local branch.main.vscode-merge-base [163ms]
2024-02-21 08:22:05.903 [info] > git cat-file -s 0ac8b2499d71d3c2516bcd6000f0b553ceca35e9 [286ms]
2024-02-21 08:22:05.913 [info] > git rev-parse --show-toplevel [85ms]
2024-02-21 08:22:05.913 [info] fatal: not a git repository (or any of the parent directories): .git
2024-02-21 08:22:05.914 [info] > git merge-base refs/heads/master refs/remotes/origin/master [124ms]
2024-02-21 08:22:05.970 [info] > git merge-base refs/heads/master refs/remotes/origin/master [220ms]
2024-02-21 08:22:06.031 [info] > git config --local branch.main.vscode-merge-base [322ms]
2024-02-21 08:22:06.138 [info] > git reflog refs/heads/main --grep-reflog=branch: Created from *. [43ms]
2024-02-21 08:22:06.190 [info] > git rev-list --count --left-right refs/heads/master...refs/remotes/origin/master [159ms]
2024-02-21 08:22:06.191 [info] > git rev-list --count --left-right refs/heads/master...refs/remotes/origin/master [222ms]
2024-02-21 08:22:06.192 [info] > git reflog refs/heads/main --grep-reflog=branch: Created from *. [288ms]
2024-02-21 08:22:06.228 [info] > git symbolic-ref --short refs/remotes/origin/HEAD [38ms]
2024-02-21 08:22:06.228 [info] fatal: ref refs/remotes/origin/HEAD is not a symbolic ref
2024-02-21 08:22:06.229 [info] > git rev-parse --show-toplevel [96ms]
2024-02-21 08:22:06.229 [info] fatal: not a git repository (or any of the parent directories): .git
2024-02-21 08:22:06.285 [info] > git symbolic-ref --short refs/remotes/origin/HEAD [61ms]
2024-02-21 08:22:06.285 [info] fatal: ref refs/remotes/origin/HEAD is not a symbolic ref
2024-02-21 08:22:06.289 [info] > git rev-parse --show-toplevel [7ms]
2024-02-21 08:22:06.289 [info] fatal: not a git repository (or any of the parent directories): .git
2024-02-21 08:22:06.500 [info] No remotes found in the git config file.
2024-02-21 08:22:06.503 [info] > git for-each-ref --format=%(refname)%00%(upstream:short)%00%(objectname)%00%(upstream:track)%00%(upstream:remotename)%00%(upstream:remoteref) refs/heads/main refs/remotes/main [3ms]
2024-02-21 08:22:06.542 [info] > git status -z -uall [2ms]
2024-02-21 08:22:06.666 [info] > git ls-files --stage -- /home/vscode/progate_path/self_introduction_branch/self_introduction/src/favorite_drink.md [2ms]
2024-02-21 08:22:06.704 [info] > git cat-file -s 0ac8b2499d71d3c2516bcd6000f0b553ceca35e9 [2ms]
2024-02-21 08:22:06.832 [info] > git show --textconv :src/favorite_drink.md [3ms]
2024-02-21 08:22:11.584 [info] No remotes found in the git config file.
2024-02-21 08:22:11.585 [info] > git for-each-ref --format=%(refname)%00%(upstream:short)%00%(objectname)%00%(upstream:track)%00%(upstream:remotename)%00%(upstream:remoteref) refs/heads/main refs/remotes/main [3ms]
2024-02-21 08:22:11.623 [info] > git status -z -uall [2ms]
2024-02-21 08:24:25.482 [info] > git config --local branch.main.github-pr-owner-number [2ms]
2024-02-21 08:25:27.442 [info] > git config --local branch.master.github-pr-owner-number [2ms]
2024-02-21 08:25:27.583 [info] > git config --local branch.master.github-pr-owner-number [54ms]
2024-02-21 08:25:27.584 [info] > git config --local branch.main.github-pr-owner-number [2ms]
2024-02-21 08:26:07.702 [info] No remotes found in the git config file.
2024-02-21 08:26:07.704 [info] > git for-each-ref --format=%(refname)%00%(upstream:short)%00%(objectname)%00%(upstream:track)%00%(upstream:remotename)%00%(upstream:remoteref) refs/heads/main refs/remotes/main [2ms]
2024-02-21 08:26:07.746 [info] > git status -z -uall [5ms]
2024-02-21 08:26:08.551 [info] > git check-ignore -v -z --stdin [2ms]
2024-02-21 08:29:25.524 [info] > git config --local branch.main.github-pr-owner-number [2ms]
2024-02-21 08:30:27.480 [info] > git config --local branch.master.github-pr-owner-number [1ms]
2024-02-21 08:30:27.655 [info] > git config --local branch.master.github-pr-owner-number [36ms]
2024-02-21 08:30:27.656 [info] > git config --local branch.main.github-pr-owner-number [1ms]
2024-02-21 08:34:25.563 [info] > git config --local branch.main.github-pr-owner-number [2ms]
2024-02-21 08:35:27.517 [info] > git config --local branch.master.github-pr-owner-number [2ms]
2024-02-21 08:35:27.727 [info] > git config --local branch.master.github-pr-owner-number [36ms]
2024-02-21 08:35:27.728 [info] > git config --local branch.main.github-pr-owner-number [2ms]
2024-02-21 08:35:28.756 [info] > git config --get commit.template [2ms]
2024-02-21 08:35:28.793 [info] No remotes found in the git config file.
2024-02-21 08:35:28.796 [info] > git for-each-ref --format=%(refname)%00%(upstream:short)%00%(objectname)%00%(upstream:track)%00%(upstream:remotename)%00%(upstream:remoteref) refs/heads/main refs/remotes/main [3ms]
2024-02-21 08:35:28.866 [info] > git status -z -uall [34ms]
2024-02-21 08:35:28.906 [info] > git ls-files --stage -- /home/vscode/progate_path/self_introduction_branch/self_introduction/src/favorite_drink.md [40ms]
2024-02-21 08:35:28.939 [info] > git config --local branch.main.github-pr-owner-number [35ms]
2024-02-21 08:35:28.976 [info] > git cat-file -s 0ac8b2499d71d3c2516bcd6000f0b553ceca35e9 [37ms]
2024-02-21 08:35:28.977 [info] > git config --local branch.main.remote [4ms]
2024-02-21 08:35:29.036 [info] > git for-each-ref --format=%(refname)%00%(upstream:short)%00%(objectname)%00%(upstream:track)%00%(upstream:remotename)%00%(upstream:remoteref) refs/heads/main [4ms]
2024-02-21 08:35:29.115 [info] > git config --local branch.main.vscode-merge-base [41ms]
2024-02-21 08:35:29.154 [info] > git show --textconv :src/favorite_drink.md [41ms]
2024-02-21 08:35:29.155 [info] > git reflog refs/heads/main --grep-reflog=branch: Created from *. [2ms]
2024-02-21 08:35:29.196 [info] > git symbolic-ref --short refs/remotes/origin/HEAD [1ms]
2024-02-21 08:35:29.196 [info] fatal: ref refs/remotes/origin/HEAD is not a symbolic ref
2024-02-21 08:35:39.261 [info] No remotes found in the git config file.
2024-02-21 08:35:39.264 [info] > git for-each-ref --format=%(refname)%00%(upstream:short)%00%(objectname)%00%(upstream:track)%00%(upstream:remotename)%00%(upstream:remoteref) refs/heads/main refs/remotes/main [2ms]
2024-02-21 08:35:39.264 [info] > git config --get commit.template [42ms]
2024-02-21 08:35:39.304 [info] > git status -z -uall [3ms]
2024-02-21 08:35:41.502 [info] > git show --textconv :.git/MERGE_MSG [40ms]
2024-02-21 08:35:41.503 [info] > git ls-files --stage -- /home/vscode/progate_path/self_introduction_branch/self_introduction/.git/MERGE_MSG [3ms]
2024-02-21 08:35:41.552 [info] > git check-ignore -v -z --stdin [2ms]
2024-02-21 08:35:42.175 [info] > git ls-files --stage -- /home/vscode/progate_path/self_introduction_branch/self_introduction/.git/MERGE_MSG [2ms]
2024-02-21 08:35:42.338 [info] > git show --textconv :.git/MERGE_MSG [2ms]
2024-02-21 08:35:44.343 [info] No remotes found in the git config file.
2024-02-21 08:35:44.345 [info] > git for-each-ref --format=%(refname)%00%(upstream:short)%00%(objectname)%00%(upstream:track)%00%(upstream:remotename)%00%(upstream:remoteref) refs/heads/main refs/remotes/main [2ms]
2024-02-21 08:35:44.382 [info] > git status -z -uall [3ms]
2024-02-21 08:37:32.125 [info] > git show --textconv :src/favorite_drink.md [37ms]
2024-02-21 08:37:32.127 [info] > git ls-files --stage -- /home/vscode/progate_path/self_introduction_branch/self_introduction/src/favorite_drink.md [3ms]
2024-02-21 08:37:32.163 [info] > git cat-file -s 6f938992688428353088784d3258e58c997ca1aa [2ms]
2024-02-21 08:37:33.648 [info] > git show --textconv :src/favorite_food.md [36ms]
2024-02-21 08:37:33.650 [info] > git ls-files --stage -- /home/vscode/progate_path/self_introduction_branch/self_introduction/src/favorite_food.md [2ms]
2024-02-21 08:37:33.684 [info] > git cat-file -s a73e7b0a31d5330496937c54a4c5997db1faea25 [2ms]
2024-02-21 08:38:20.536 [info] > git show --textconv :src/favorite_drink.md [35ms]
2024-02-21 08:38:20.539 [info] > git ls-files --stage -- /home/vscode/progate_path/self_introduction_branch/self_introduction/src/favorite_drink.md [5ms]
2024-02-21 08:38:20.576 [info] > git cat-file -s 6f938992688428353088784d3258e58c997ca1aa [2ms]
2024-02-21 08:38:41.486 [info] > git -c user.useConfigOnly=true commit --quiet --allow-empty-message --file - [7ms]
2024-02-21 08:38:41.535 [info] > git config --get commit.template [3ms]
2024-02-21 08:38:41.643 [info] No remotes found in the git config file.
2024-02-21 08:38:41.647 [info] > git config --get commit.template [56ms]
2024-02-21 08:38:41.648 [info] > git for-each-ref --format=%(refname)%00%(upstream:short)%00%(objectname)%00%(upstream:track)%00%(upstream:remotename)%00%(upstream:remoteref) refs/heads/main refs/remotes/main [5ms]
2024-02-21 08:38:41.693 [info] > git status -z -uall [4ms]
2024-02-21 08:38:41.739 [info] > git config --local branch.main.github-pr-owner-number [2ms]
2024-02-21 08:38:41.775 [info] > git config --local branch.main.remote [2ms]
2024-02-21 08:38:41.946 [info] > git for-each-ref --format=%(refname)%00%(upstream:short)%00%(objectname)%00%(upstream:track)%00%(upstream:remotename)%00%(upstream:remoteref) refs/heads/main [40ms]
2024-02-21 08:38:41.979 [info] > git config --get commit.template [33ms]
2024-02-21 08:38:42.016 [info] No remotes found in the git config file.
2024-02-21 08:38:42.017 [info] > git config --local branch.main.vscode-merge-base [39ms]
2024-02-21 08:38:42.053 [info] > git for-each-ref --format=%(refname)%00%(upstream:short)%00%(objectname)%00%(upstream:track)%00%(upstream:remotename)%00%(upstream:remoteref) refs/heads/main refs/remotes/main [37ms]
2024-02-21 08:38:42.091 [info] > git reflog refs/heads/main --grep-reflog=branch: Created from *. [40ms]
2024-02-21 08:38:42.124 [info] > git status -z -uall [35ms]
2024-02-21 08:38:42.129 [info] > git symbolic-ref --short refs/remotes/origin/HEAD [5ms]
2024-02-21 08:38:42.129 [info] fatal: ref refs/remotes/origin/HEAD is not a symbolic ref
2024-02-21 08:38:43.001 [info] > git ls-files --stage -- /home/vscode/progate_path/self_introduction_branch/self_introduction/src/favorite_drink.md [2ms]
2024-02-21 08:38:43.039 [info] > git cat-file -s 6f938992688428353088784d3258e58c997ca1aa [3ms]
2024-02-21 08:38:43.164 [info] > git show --textconv :src/favorite_drink.md [3ms]
2024-02-21 08:38:44.070 [info] No remotes found in the git config file.
2024-02-21 08:38:44.071 [info] > git config --get commit.template [49ms]
2024-02-21 08:38:44.072 [info] > git for-each-ref --format=%(refname)%00%(upstream:short)%00%(objectname)%00%(upstream:track)%00%(upstream:remotename)%00%(upstream:remoteref) refs/heads/main refs/remotes/main [2ms]
2024-02-21 08:38:44.111 [info] > git status -z -uall [5ms]
2024-02-21 08:38:51.001 [info] > git show --textconv :.git/MERGE_MSG [51ms]
2024-02-21 08:38:51.003 [info] > git ls-files --stage -- /home/vscode/progate_path/self_introduction_branch/self_introduction/.git/MERGE_MSG [3ms]
2024-02-21 08:38:52.848 [info] > git show --textconv :src/favorite_drink.md [36ms]
2024-02-21 08:38:52.850 [info] > git ls-files --stage -- /home/vscode/progate_path/self_introduction_branch/self_introduction/src/favorite_drink.md [3ms]
2024-02-21 08:38:52.884 [info] > git cat-file -s 6f938992688428353088784d3258e58c997ca1aa [2ms]
2024-02-21 08:39:02.141 [info] > git config --get commit.template [3ms]
2024-02-21 08:39:02.177 [info] No remotes found in the git config file.
2024-02-21 08:39:02.180 [info] > git for-each-ref --format=%(refname)%00%(upstream:short)%00%(objectname)%00%(upstream:track)%00%(upstream:remotename)%00%(upstream:remoteref) refs/heads/main refs/remotes/main [3ms]
2024-02-21 08:39:02.224 [info] > git status -z -uall [4ms]
2024-02-21 08:39:02.348 [info] > git ls-files --stage -- /home/vscode/progate_path/self_introduction_branch/self_introduction/src/favorite_drink.md [3ms]
2024-02-21 08:39:02.384 [info] > git cat-file -s 6f938992688428353088784d3258e58c997ca1aa [1ms]
2024-02-21 08:39:02.511 [info] > git show --textconv :src/favorite_drink.md [2ms]
2024-02-21 08:39:07.325 [info] No remotes found in the git config file.
2024-02-21 08:39:07.326 [info] > git config --get commit.template [62ms]
2024-02-21 08:39:07.327 [info] > git for-each-ref --format=%(refname)%00%(upstream:short)%00%(objectname)%00%(upstream:track)%00%(upstream:remotename)%00%(upstream:remoteref) refs/heads/main refs/remotes/main [2ms]
2024-02-21 08:39:07.376 [info] > git status -z -uall [3ms]
2024-02-21 08:39:25.623 [info] > git config --local branch.main.github-pr-owner-number [3ms]
2024-02-21 08:40:27.556 [info] > git config --local branch.master.github-pr-owner-number [2ms]
2024-02-21 08:40:27.826 [info] > git config --local branch.master.github-pr-owner-number [35ms]
2024-02-21 08:40:27.827 [info] > git config --local branch.main.github-pr-owner-number [2ms]
2024-02-21 08:43:53.944 [info] > git rev-parse --show-toplevel [2ms]
2024-02-21 08:43:54.002 [info] > git rev-parse --git-dir --git-common-dir [2ms]
2024-02-21 08:43:54.011 [info] Open repository: /home/vscode/.progate/origins/0tmM2EJ8qOhNfhQxYEEJi/self_introduction
2024-02-21 08:43:54.059 [warning] getRemotes() - ENOENT: no such file or directory, open '/home/vscode/.progate/origins/0tmM2EJ8qOhNfhQxYEEJi/self_introduction/.git/config'
2024-02-21 08:43:54.105 [info] > git remote --verbose [45ms]
2024-02-21 08:43:54.106 [info] > git config --get commit.template [2ms]
2024-02-21 08:43:54.140 [info] > git for-each-ref --format=%(refname)%00%(upstream:short)%00%(objectname)%00%(upstream:track)%00%(upstream:remotename)%00%(upstream:remoteref) refs/heads/master refs/remotes/master [2ms]
2024-02-21 08:43:54.177 [info] > git status -z -uall [4ms]
2024-02-21 08:43:54.218 [warning] getRemotes() - ENOENT: no such file or directory, open '/home/vscode/.progate/origins/0tmM2EJ8qOhNfhQxYEEJi/self_introduction/.git/config'
2024-02-21 08:43:54.266 [info] > git remote --verbose [48ms]
2024-02-21 08:43:54.306 [info] > git config --get commit.template [54ms]
2024-02-21 08:43:54.378 [info] > git rev-parse --show-toplevel [74ms]
2024-02-21 08:43:54.378 [info] fatal: not a git repository (or any of the parent directories): .git
2024-02-21 08:43:54.392 [info] > git for-each-ref --format=%(refname)%00%(upstream:short)%00%(objectname)%00%(upstream:track)%00%(upstream:remotename)%00%(upstream:remoteref) refs/heads/master [19ms]
2024-02-21 08:43:54.499 [info] > git for-each-ref --format=%(refname)%00%(upstream:short)%00%(objectname)%00%(upstream:track)%00%(upstream:remotename)%00%(upstream:remoteref) refs/heads/master refs/remotes/master [160ms]
2024-02-21 08:43:54.555 [info] > git config --local branch.master.vscode-merge-base [57ms]
2024-02-21 08:43:54.661 [info] > git status -z -uall [109ms]
2024-02-21 08:43:54.664 [info] > git reflog refs/heads/master --grep-reflog=branch: Created from *. [61ms]
2024-02-21 08:43:54.846 [info] > git check-ignore -v -z --stdin [41ms]
2024-02-21 08:43:54.847 [info] > git config --local branch.master.github-pr-owner-number [81ms]
2024-02-21 08:43:54.887 [info] > git symbolic-ref --short refs/remotes/origin/HEAD [175ms]
2024-02-21 08:43:54.887 [info] fatal: ref refs/remotes/origin/HEAD is not a symbolic ref
2024-02-21 08:43:54.888 [info] > git config --local branch.master.remote [2ms]
2024-02-21 08:44:25.663 [info] > git config --local branch.main.github-pr-owner-number [2ms]
2024-02-21 08:45:27.610 [info] > git config --local branch.master.github-pr-owner-number [2ms]
2024-02-21 08:45:27.895 [info] > git config --local branch.master.github-pr-owner-number [34ms]
2024-02-21 08:45:27.897 [info] > git config --local branch.main.github-pr-owner-number [2ms]
2024-02-21 08:48:54.046 [info] > git config --local branch.master.github-pr-owner-number [2ms]
2024-02-21 08:49:25.724 [info] > git config --local branch.main.github-pr-owner-number [1ms]
2024-02-21 08:50:27.648 [info] > git config --local branch.master.github-pr-owner-number [1ms]
2024-02-21 08:50:27.933 [info] > git config --local branch.master.github-pr-owner-number [1ms]
2024-02-21 08:50:27.971 [info] > git config --local branch.main.github-pr-owner-number [3ms]
2024-02-21 08:53:54.083 [info] > git config --local branch.master.github-pr-owner-number [1ms]
2024-02-21 08:54:25.761 [info] > git config --local branch.main.github-pr-owner-number [2ms]
2024-02-21 08:55:27.689 [info] > git config --local branch.master.github-pr-owner-number [2ms]
2024-02-21 08:55:28.009 [info] > git config --local branch.master.github-pr-owner-number [38ms]
2024-02-21 08:55:28.010 [info] > git config --local branch.main.github-pr-owner-number [2ms]
2024-02-21 08:58:54.125 [info] > git config --local branch.master.github-pr-owner-number [2ms]
2024-02-21 08:59:25.797 [info] > git config --local branch.main.github-pr-owner-number [2ms]
2024-02-21 09:00:27.740 [info] > git config --local branch.master.github-pr-owner-number [1ms]
2024-02-21 09:00:28.080 [info] > git config --local branch.master.github-pr-owner-number [34ms]
2024-02-21 09:00:28.081 [info] > git config --local branch.main.github-pr-owner-number [2ms]
2024-02-21 09:03:54.163 [info] > git config --local branch.master.github-pr-owner-number [1ms]
2024-02-21 09:04:25.835 [info] > git config --local branch.main.github-pr-owner-number [1ms]
2024-02-21 09:05:27.780 [info] > git config --local branch.master.github-pr-owner-number [2ms]
2024-02-21 09:05:28.156 [info] > git config --local branch.master.github-pr-owner-number [37ms]
2024-02-21 09:05:28.157 [info] > git config --local branch.main.github-pr-owner-number [2ms]
2024-02-21 09:08:54.204 [info] > git config --local branch.master.github-pr-owner-number [3ms]
2024-02-21 09:09:25.874 [info] > git config --local branch.main.github-pr-owner-number [2ms]
2024-02-21 09:10:27.817 [info] > git config --local branch.master.github-pr-owner-number [1ms]
2024-02-21 09:10:28.232 [info] > git config --local branch.master.github-pr-owner-number [39ms]
2024-02-21 09:10:28.233 [info] > git config --local branch.main.github-pr-owner-number [1ms]
2024-02-21 09:13:54.245 [info] > git config --local branch.master.github-pr-owner-number [2ms]
2024-02-21 09:14:25.916 [info] > git config --local branch.main.github-pr-owner-number [2ms]
