2024-02-21 10:08:35.396 [info] Reading sessions from keychain...
2024-02-21 10:08:35.397 [info] Getting sessions for all scopes...
2024-02-21 10:08:35.397 [info] Getting sessions for user:email...
2024-02-21 10:08:35.397 [info] Got stored sessions!
2024-02-21 10:08:35.397 [info] Got 6 verified sessions.
2024-02-21 10:08:35.397 [info] Got 6 sessions for ...
2024-02-21 10:08:35.397 [info] Got 1 sessions for user:email...
2024-02-21 10:08:35.794 [info] Getting sessions for codespace,read:user,repo,user:email...
2024-02-21 10:08:35.794 [info] Getting sessions for all scopes...
2024-02-21 10:08:35.795 [info] Got 1 sessions for codespace,read:user,repo,user:email...
2024-02-21 10:08:35.795 [info] Got 6 sessions for ...
2024-02-21 10:08:37.494 [info] Getting sessions for all scopes...
2024-02-21 10:08:37.494 [info] Got 6 sessions for ...
2024-02-21 10:08:39.598 [info] Getting sessions for read:user...
2024-02-21 10:08:39.598 [info] Getting sessions for all scopes...
2024-02-21 10:08:39.598 [info] Getting sessions for user:email...
2024-02-21 10:08:39.598 [info] Got 1 sessions for read:user...
2024-02-21 10:08:39.599 [info] Got 6 sessions for ...
2024-02-21 10:08:39.599 [info] Got 1 sessions for user:email...
2024-02-21 10:08:41.426 [info] Getting sessions for project,read:org,read:user,repo,user:email,workflow...
2024-02-21 10:08:41.426 [info] Getting sessions for all scopes...
2024-02-21 10:08:41.426 [info] Got 0 sessions for project,read:org,read:user,repo,user:email,workflow...
2024-02-21 10:08:41.426 [info] Got 6 sessions for ...
2024-02-21 10:08:41.902 [info] Getting sessions for all scopes...
2024-02-21 10:08:41.902 [info] Got 6 sessions for ...
2024-02-21 10:08:43.204 [info] Getting sessions for all scopes...
2024-02-21 10:08:43.204 [info] Got 6 sessions for ...
2024-02-21 10:08:43.290 [info] Getting sessions for read:user,repo,user:email,workflow...
2024-02-21 10:08:43.290 [info] Got 1 sessions for read:user,repo,user:email,workflow...
2024-02-21 10:08:46.081 [info] Getting sessions for read:user,repo,user:email,workflow...
2024-02-21 10:08:46.081 [info] Got 1 sessions for read:user,repo,user:email,workflow...
2024-02-21 10:09:52.368 [info] Getting sessions for all scopes...
2024-02-21 10:09:52.368 [info] Got 6 sessions for ...
