[2024-02-21 06:40:27.624] Starting Git Graph ...
[2024-02-21 06:40:28.039] Using git (version: 2.43.0)
[2024-02-21 06:40:28.064] Started Git Graph - Ready to use!
[2024-02-21 06:40:28.065] Searching workspace for new repos ...
[2024-02-21 06:40:28.103] > git rev-parse --show-toplevel
[2024-02-21 06:40:28.463] Successfully set Visual Studio Code Context "git-graph:codiconsSupported" to "true"
[2024-02-21 06:40:29.460] Completed searching workspace for new repos
[2024-02-21 06:40:33.666] > git rev-parse --show-toplevel
[2024-02-21 06:40:35.872] > git rev-parse --show-toplevel
[2024-02-21 06:40:36.179] > git rev-parse --show-toplevel
[2024-02-21 06:40:36.332] > git rev-parse --show-toplevel
[2024-02-21 06:40:49.359] > git rev-parse --show-toplevel
[2024-02-21 06:40:50.619] > git rev-parse --show-toplevel
[2024-02-21 06:40:50.768] > git rev-parse --show-toplevel
[2024-02-21 06:40:50.871] > git rev-parse --show-toplevel
[2024-02-21 06:40:50.916] > git rev-parse --show-toplevel
[2024-02-21 06:40:50.962] > git rev-parse --show-toplevel
[2024-02-21 06:40:51.048] > git rev-parse --show-toplevel
[2024-02-21 06:40:51.099] > git rev-parse --show-toplevel
[2024-02-21 06:40:51.149] > git rev-parse --show-toplevel
[2024-02-21 06:40:51.387] > git rev-parse --show-toplevel
[2024-02-21 06:40:51.486] > git rev-parse --show-toplevel
[2024-02-21 06:40:51.576] > git rev-parse --show-toplevel
[2024-02-21 06:40:51.666] > git rev-parse --show-toplevel
[2024-02-21 06:40:51.764] > git rev-parse --show-toplevel
[2024-02-21 06:40:52.947] > git rev-parse --show-toplevel
[2024-02-21 06:40:53.060] > git rev-parse --show-toplevel
[2024-02-21 06:51:51.329] > git rev-parse --show-toplevel
[2024-02-21 06:51:51.361] > git rev-parse --show-toplevel
[2024-02-21 06:51:51.391] > git rev-parse --show-toplevel
[2024-02-21 06:51:51.421] > git rev-parse --show-toplevel
[2024-02-21 06:51:51.455] > git rev-parse --show-toplevel
[2024-02-21 06:51:51.486] > git rev-parse --show-toplevel
[2024-02-21 06:51:51.517] > git rev-parse --show-toplevel
[2024-02-21 06:52:16.909] > git rev-parse --show-toplevel
[2024-02-21 06:52:16.944] > git rev-parse --show-toplevel
[2024-02-21 06:52:22.083] > git rev-parse --show-toplevel
[2024-02-21 06:52:22.129] > git rev-parse --show-toplevel
[2024-02-21 06:52:24.606] > git rev-parse --show-toplevel
[2024-02-21 06:52:24.655] > git rev-parse --show-toplevel
[2024-02-21 06:52:24.702] > git rev-parse --show-toplevel
[2024-02-21 06:52:24.746] > git rev-parse --show-toplevel
[2024-02-21 06:52:24.790] > git rev-parse --show-toplevel
[2024-02-21 06:52:26.961] > git rev-parse --show-toplevel
[2024-02-21 06:52:27.006] > git rev-parse --show-toplevel
[2024-02-21 07:09:25.281] > git rev-parse --show-toplevel
[2024-02-21 07:09:25.317] Added new repo: /home/vscode/progate_path/self_introduction_branch/self_introduction
[2024-02-21 07:09:25.321] Showing "Git Graph" Status Bar Item
[2024-02-21 07:12:22.607] > git rev-parse --show-toplevel
[2024-02-21 07:12:24.137] > git rev-parse --show-toplevel
[2024-02-21 07:12:24.173] > git rev-parse --show-toplevel
[2024-02-21 07:12:26.641] > git rev-parse --show-toplevel
[2024-02-21 07:22:27.899] > git rev-parse --show-toplevel
[2024-02-21 08:27:56.418] > git rev-parse --show-toplevel
[2024-02-21 08:27:56.462] > git rev-parse --show-toplevel
[2024-02-21 08:28:07.575] > git rev-parse --show-toplevel
[2024-02-21 08:28:07.646] > git rev-parse --show-toplevel
[2024-02-21 08:28:07.707] > git rev-parse --show-toplevel
[2024-02-21 08:28:07.766] > git rev-parse --show-toplevel
[2024-02-21 08:28:10.545] > git rev-parse --show-toplevel
[2024-02-21 08:28:10.581] > git rev-parse --show-toplevel
[2024-02-21 08:28:10.616] > git rev-parse --show-toplevel
[2024-02-21 08:28:12.542] > git rev-parse --show-toplevel
[2024-02-21 08:28:12.597] > git rev-parse --show-toplevel
[2024-02-21 08:30:16.557] > git rev-parse --show-toplevel
[2024-02-21 08:43:54.660] > git rev-parse --show-toplevel
[2024-02-21 08:43:54.843] > git rev-parse --show-toplevel
[2024-02-21 08:43:54.929] > git rev-parse --show-toplevel
[2024-02-21 08:43:54.931] Added new repo: /home/vscode/.progate/origins/0tmM2EJ8qOhNfhQxYEEJi/self_introduction
[2024-02-21 08:43:55.015] > git rev-parse --show-toplevel
[2024-02-21 08:43:55.055] > git rev-parse --show-toplevel
